
Session Start: Mon Sep 03 02:12:11 2012
Session Ident: CraN
[02:12] <Wolfbane> Your hp has permanantly increased by 10!
[02:12] <Wolfbane> Your hp has permanantly increased by 10!
[02:12] <Wolfbane> Your hp has permanantly increased by 10!
[02:12] <Wolfbane> Your hp has permanantly increased by 10!
[02:12] <Wolfbane> Your str has permanantly increased by 1!
[02:12] <Wolfbane> Your str has permanantly increased by 1!
[02:12] <Wolfbane> Your str has permanantly increased by 1!
[02:13] <Wolfbane> Your int has permanantly increased by 1!
[02:13] <Wolfbane> Your int has permanantly increased by 1!
[02:13] <Wolfbane> Your int has permanantly increased by 1!
[02:13] <Wolfbane> Your tp has permanantly increased by 5!
[02:13] <Wolfbane> Your tp has permanantly increased by 5!
[02:14] <Wolfbane> Your def has permanantly increased by 1!
[02:14] <Wolfbane> Your def has permanantly increased by 1!
[02:14] <Wolfbane> Your def has permanantly increased by 1!
[02:14] <Wolfbane> Your def has permanantly increased by 1!
[02:14] <Wolfbane> Your def has permanantly increased by 1!
[02:14] <Wolfbane> Your def has permanantly increased by 1!
[02:14] <Wolfbane> Your def has permanantly increased by 1!
[02:14] <Wolfbane> Your def has permanantly increased by 1!
[02:14] <Wolfbane> Your def has permanantly increased by 1!
[02:15] <Wolfbane> Your spd has permanantly increased by 1!
[02:15] <Wolfbane> Your int has permanantly increased by 1!
[02:15] <Wolfbane> Your int has permanantly increased by 1!
[02:15] <Wolfbane> Your int has permanantly increased by 1!
[02:15] <Wolfbane> Your int has permanantly increased by 1!
[02:15] <Wolfbane> Your int has permanantly increased by 1!
[02:15] <Wolfbane> Your int has permanantly increased by 1!
[02:16] <Wolfbane> Your style has permanantly increased by 10!
[02:16] <Wolfbane> Your style has permanantly increased by 10!
[02:19] <CraN> !shop buy skills polemaster
[02:19] <CraN> !shop buy skills polemaster 9
[02:19] <CraN> !shop buy skills polemaster 20
[02:22] <CraN> !shop buy Stat str 5
[02:22] <CraN> !shop buy Stat str 10
[02:23] <CraN> !shop buy Stat str 10
[02:23] <CraN> !shop buy Stat str 10
[02:23] <CraN> !shop buy Stat spd 10
[02:23] <CraN> !shop buy Stat spd 10
[02:23] <CraN> !shop buy Stat def 10
[02:23] <CraN> !shop buy Stat def 10
[02:23] <CraN> !shop buy Stat def 10
[02:23] <CraN> !shop buy Stat hp 10
[02:23] <CraN> !shop buy Stat hp 10
[02:23] <CraN> !shop buy weapon corscesca 10
[02:24] <CraN> !shop buy weapon corcsecsa 10
[02:24] <CraN> !shop list weapon corcsecsa 10]
[02:24] <CraN> !shop list weapon corsesca 10
[02:25] <CraN> !shop buy weapon corsesca 10
[02:26] <CraN> !shop buy weapon corsesca 10
[02:26] <CraN> !shop buy weapon ryunohige 10
[02:27] <CraN> !shop buy weapon ryunohige 10
[02:27] <CraN> !shop buy weapon ryunohige 10
[03:03] <CraN> !id uptodown
Session Close: Mon Sep 03 03:03:12 2012

Session Start: Mon Sep 03 06:49:49 2012
Session Ident: CraN
[06:49] Session Ident: CraN (~CraN@Desconfia.Mas.Soy.Tu.Antiheroe.Personal)
[06:49] <CraN> ice!
[06:49] <CraN> ice!
[06:49] <CraN> baby!
[06:50] <CraN> !view-info skill steal
Session Close: Mon Sep 03 07:13:46 2012

Session Start: Mon Sep 03 08:27:01 2012
Session Ident: CraN
[08:27] Session Ident: CraN (~CraN@Desconfia.Mas.Soy.Tu.Antiheroe.Personal)
[08:27] <CraN> !shop buy stats hp 20
[08:27] <CraN> !shop buy stats hp 20
[08:27] <CraN> !shop buy stats hp 20
[08:27] <CraN> !shop buy stats hp 20
[08:27] <CraN> !shop buy stats hp 20
[08:27] <CraN> !shop buy stats str 20
[08:27] <CraN> !shop buy stats str 20
[08:27] <CraN> !shop buy stats str 20
[08:27] <CraN> !shop buy stats str 20
[08:27] <CraN> !shop buy stats str 20
[08:27] <CraN> !shop buy stats def 20
[08:27] <CraN> !shop buy stats def 20
[08:27] <CraN> !shop buy stats def 20
[08:27] <CraN> !shop buy stats def 20
[08:27] <CraN> !shop buy stats spd 20
[08:28] <CraN> !shop buy skills polemaster 100
[08:28] <CraN> !shop buy skills polemaster 
[08:28] <CraN> !shop buy skills polemaster 201
[08:28] <CraN> !shop buy skills polemaster 199
[08:28] <CraN> !shop buy skills polemaster 109
[08:28] <CraN> !shop buy skills polemaster 99
[08:28] <CraN> !shop buy skills polemaster 59
[08:29] <CraN> !stats
Session Close: Mon Sep 03 09:15:27 2012

Session Start: Mon Sep 03 10:22:52 2012
Session Ident: CraN
[10:22] Session Ident: CraN (~CraN@Desconfia.Mas.Soy.Tu.Antiheroe.Personal)
[10:22] <CraN> !view-info weapon Zangetsu
Session Close: Mon Sep 03 11:05:58 2012

Session Start: Mon Sep 03 11:14:23 2012
Session Ident: CraN
[11:14] <Wolfbane> Invalid skill
[11:14] <CraN> !shop list skills
[11:14] <CraN> !shop list skill
[11:16] <CraN> !id uptodown
Session Close: Mon Sep 03 11:16:17 2012

Session Start: Mon Sep 03 11:16:35 2012
Session Ident: CraN
[11:16] Session Ident: CraN (~CraN@Desconfia.Mas.Soy.Tu.Antiheroe.Personal)
[11:16] <CraN> !shop list skill
[11:16] <CraN> !shop list skills
[11:17] <CraN> !view-info skill analysis
[11:17] <CraN> !view-info skills analysis
[11:20] <CraN> !shop buy weapon zangetsu
[11:22] <CraN> !shop buy weapon zangetsu
[11:22] <CraN> !shop buy tech tensazangetsu
[11:22] <CraN> !shop buy techs tensazangetsu
[11:23] <CraN> !shop buy techs tensazangetsu
[11:23] <CraN> !shop buy techs tensazangetsu
[11:23] <CraN> !shop buy techs tensazangetsu
[11:23] <CraN> !shop buy techs tensazangetsu 2
[11:30] <CraN> !stats
[11:32] <CraN> !stats
Session Close: Mon Sep 03 11:40:29 2012

Session Start: Mon Sep 03 12:15:47 2012
Session Ident: CraN
[12:15] Session Ident: CraN (~CraN@Desconfia.Mas.Soy.Tu.Antiheroe.Personal)
[12:15] <CraN> !shop buy stat str 100
[12:15] <CraN> !shop buy stat def 50
[12:16] <CraN> !shop buy stat spd 25
[12:16] <CraN> !shop buy weapon ryunohige 100
[12:16] <CraN> !shop buy weapon ryunohige 50
Session Close: Mon Sep 03 13:39:06 2012

Session Start: Mon Sep 03 13:42:50 2012
Session Ident: CraN
[13:42] Session Ident: CraN (~CraN@Desconfia.Mas.Soy.Tu.Antiheroe.Personal)
[13:42] <CraN> !shop list techs
[13:43] <CraN> !view-info stardiver
[13:43] <Wolfbane> Error: The command is missing the name of what you want to view. Use it like: !view-info <tech, item, skill, weapon> <name> (and remember to remove the < >)
[13:43] <CraN> !view-info tech stardiver
[13:43] <CraN> !view-info tech legsweep
[13:43] <CraN> !view-info tech drakesbane
[13:44] <CraN> !view-info tech souljump
[13:52] <CraN> !shop buy weapon ryunohige 50
[13:53] <CraN> !shop buy weapon ryunohige 50
[13:53] <CraN> !shop buy weapon ryunohige 10
[13:55] <CraN> !shop buy weapon ryunohige 100
[13:55] <CraN> !weapons

Session Start: Mon Sep 03 15:55:21 2012
Session Ident: CraN
[15:55] Session Ident: CraN (~CraN@Desconfia.Mas.Soy.Tu.Antiheroe.Personal)
[15:55] <CraN> !id uptodown
Session Close: Mon Sep 03 15:55:21 2012

Session Start: Mon Sep 03 15:55:41 2012
Session Ident: CraN
[15:55] Session Ident: CraN (~CraN@Desconfia.Mas.Soy.Tu.Antiheroe.Personal)
[15:55] <CraN> !shop buy skill polemaster 40
[16:03] <CraN> !shop buy skill polemaster 40
[16:03] <CraN> !shop buy skill polemaster 50
[16:03] <CraN> !shop buy skill polemaster 50
[16:03] <CraN> !shop buy skill polemaster 50
[16:03] <CraN> !shop buy skill polemaster
[16:06] <CraN> !stats
Session Close: Mon Sep 03 16:56:33 2012

Session Start: Mon Sep 03 17:11:47 2012
Session Ident: CraN
[17:11] Session Ident: CraN (~CraN@Desconfia.Mas.Soy.Tu.Antiheroe.Personal)
[17:11] <CraN> !use discountcard on CraN
[17:12] <CraN> !use discount card on CraN
[17:26] <CraN> !id uptodown
Session Close: Mon Sep 03 17:26:45 2012

Session Start: Mon Sep 03 20:01:24 2012
Session Ident: CraN
[20:01] Session Ident: CraN (~CraN@Desconfia.Mas.Soy.Tu.Antiheroe.Personal)
[20:01] <CraN> !stats
[20:01] <CraN> !shop buy techs legsweep
[20:01] <CraN> !view-info tech legsweep
[20:03] <CraN> !view-info tech legsweep 9
[20:03] <CraN> !shop buy techs legsweep 9
[20:03] <CraN> !shop buy techs legsweep 10
Session Close: Mon Sep 03 20:21:22 2012
