
Session Start: Mon Sep 03 11:23:43 2012
Session Ident: Lyner_Barsett
[11:23] Session Ident: Lyner_Barsett (Ib.is.Moe@ec7593a.3cbc6b2b.3856dc6.1908d3efX)
[11:23] <Lyner_Barsett> !shop buy skills steal 50
[11:24] <Lyner_Barsett> !shop buy skills steal 10
Session Close: Mon Sep 03 11:40:29 2012

Session Start: Mon Sep 03 12:41:52 2012
Session Ident: Lyner_Barsett
[12:41] Session Ident: Lyner_Barsett (Ib.is.Moe@ec7593a.3cbc6b2b.3856dc6.1908d3efX)
[12:41] <Lyner_Barsett> !shop list items
[12:43] <Lyner_Barsett> !view-info weapon valayman
[12:43] <Wolfbane> Invalid weapon
[12:43] <Lyner_Barsett> !view-info weapon valwayman
[12:44] <Lyner_Barsett> !view-info weapon silver_goddess_Sword
[12:44] <Lyner_Barsett> !view-info tech tachi:rana
[13:31] <Lyner_Barsett> !hp
[13:32] <Lyner_Barsett> !shop list weapons
[13:32] <Lyner_Barsett> !shop buy weapons glyphs
[13:32] <Lyner_Barsett> !equip Glyphs
[13:32] <Lyner_Barsett> !shop buy techs Dominus
[13:33] <Lyner_Barsett> !shop buy stats hp 100
[13:33] <Lyner_Barsett> !shop buy stats hp 1000
[13:33] <Lyner_Barsett> !shop list items
[13:33] <Lyner_Barsett> !orbs
[13:33] <Lyner_Barsett> !shop buy items discountcard
[13:34] <Lyner_Barsett> !use discountcards on Lyner_Barsett
[13:34] <Lyner_Barsett> !use discountcard on Lyner_Barsett
[13:34] <Wolfbane> Your shop level has been lowered. It is now 12.4!
[13:34] <Lyner_Barsett> !shop
[13:34] <Lyner_Barsett> !shop buy items discountcard
[13:35] <Lyner_Barsett> !use discountcard on Lyner_Barsett
[13:35] <Wolfbane> Your shop level has been lowered. It is now 2.4!
[13:35] <Lyner_Barsett> !shop buy stats hp 1000
[13:35] <Lyner_Barsett> !shop buy stats hp 500
[13:35] <Lyner_Barsett> !hp
Session Close: Mon Sep 03 13:39:06 2012

Session Start: Mon Sep 03 13:42:27 2012
Session Ident: Lyner_Barsett
[13:42] Session Ident: Lyner_Barsett (Ib.is.Moe@ec7593a.3cbc6b2b.3856dc6.1908d3efX)
[13:42] <Lyner_Barsett> !shop buy stats tp 2
[13:42] <Lyner_Barsett> !view-info tech dominus
[13:57] <Lyner_Barsett> !shop buy items discountcard
[14:00] <Lyner_Barsett> !shop buy items discountcard
[14:00] <Lyner_Barsett> !shop buy items discountcard
[14:00] <Lyner_Barsett> !shop buy items discountcard
[14:00] <Lyner_Barsett> !use discountcards on Lyner_Barnett
[14:00] <Lyner_Barsett> !use discountcards on Lyner_Barnett
[14:00] <Lyner_Barsett> !use discountcards on Lyner_Barnett
[14:00] <Lyner_Barsett> !use discountcards on Lyner_Barsett
[14:00] <Lyner_Barsett> !use discountcards on Lyner_Barsett
[14:00] <Lyner_Barsett> !use discountcards on Lyner_Barsett
[14:01] <Lyner_Barsett> !use discountcards on Lyner_Barsett
[14:01] <Lyner_Barsett> !use discountcard on Lyner_Barsett
[14:01] <Wolfbane> Your shop level has been lowered. It is now 15!

Session Start: Mon Sep 03 16:56:33 2012
Session Ident: Lyner_Barsett
[16:56] Session Ident: Lyner_Barsett (Ib.is.Moe@831ef56.3cbc6b2b.3856dc6.1908d3efX)
[16:56] <Lyner_Barsett> !id BARRELS!!
Session Close: Mon Sep 03 16:56:33 2012

Session Start: Mon Sep 03 16:57:05 2012
Session Ident: Lyner_Barsett
[16:57] Session Ident: Lyner_Barsett (Ib.is.Moe@831ef56.3cbc6b2b.3856dc6.1908d3efX)
[16:57] <Lyner_Barsett> !shop
[16:57] <Lyner_Barsett> !shop buy items discountcard 2
[16:57] <Lyner_Barsett> !use discountcard on Lyner_barsett
[16:57] <Wolfbane> Your shop level has been lowered. It is now 5!
[16:57] <Lyner_Barsett> !shop list stats
[16:57] <Lyner_Barsett> !use discountcard on Lyner_barsett
[16:57] <Wolfbane> Your shop level has been lowered. It is now 1.0!
[16:57] <Lyner_Barsett> !shop list stats
[17:00] <Lyner_Barsett> !shop buy stats hp 1000
[17:00] <Lyner_Barsett> !shop buy stats hp 750
[17:00] <Lyner_Barsett> !shop buy stats hp 700
[17:00] <Lyner_Barsett> !shop buy stats hp 600
[17:23] <Lyner_Barsett> !shop buy items discountcards 3
[17:23] <Lyner_Barsett> !shop buy items discountcard 3
Session Close: Mon Sep 03 17:26:45 2012

Session Start: Mon Sep 03 17:27:31 2012
Session Ident: Lyner_Barsett
[17:27] Session Ident: Lyner_Barsett (Ib.is.Moe@831ef56.3cbc6b2b.3856dc6.1908d3efX)
[17:27] <Lyner_Barsett> !use discountcard on Lyner_barsett
[17:27] <Wolfbane> Your shop level has been lowered. It is now 15!
[17:27] <Lyner_Barsett> !use discountcard on Lyner_barsett
[17:27] <Wolfbane> Your shop level has been lowered. It is now 5!
[17:28] <Lyner_Barsett> !use discountcard on Lyner_barsett
[17:28] <Wolfbane> Your shop level has been lowered. It is now 1.0!
[17:28] <Lyner_Barsett> !shop list stast
[17:28] <Lyner_Barsett> !shop buy stats spd 500
[17:29] <Lyner_Barsett> !orbs
[17:29] <Lyner_Barsett> !shop buy skills meditate 3
[17:31] <Lyner_Barsett> !shop buy stats spd 500
[17:32] <Wolfbane> Your hp has permanantly increased by 10!
[17:32] <Wolfbane> Your spd has permanantly increased by 1!
[17:32] <Wolfbane> Your int has permanantly increased by 1!
[17:34] <Lyner_Barsett> !shop buy stats spd 450
[17:40] <Lyner_Barsett> !shop buy stats spd 50
[17:40] <Lyner_Barsett> !shop list stats
[17:47] <Lyner_Barsett> !shop buy stats spd 50
[17:51] <Wolfbane> Your style has permanantly increased by 25!
[17:51] <Wolfbane> Your style has permanantly increased by 25!
[17:52] <Lyner_Barsett> !shop buy meditate 5
[17:52] <Lyner_Barsett> !shop buy skills meditate 5
[17:52] <Wolfbane> Your tp has permanantly increased by 5!
[17:53] <Wolfbane> Your tp has permanantly increased by 5!
[17:54] <Lyner_Barsett> !shop buy stats hp 50
[17:54] <Lyner_Barsett> !shop buy stats hp 50
[17:56] <Lyner_Barsett> !shop buy stats hp 100
[17:56] <Lyner_Barsett> !shop buy stats hp 100
[18:11] <Lyner_Barsett> !shop buy items discountcard
[18:11] <Lyner_Barsett> !use discountcard on Lyner_Barsett
[18:11] <Wolfbane> Your shop level has been lowered. It is now 15!
[18:12] <Lyner_Barsett> !shop buy items discountcard
[18:12] <Lyner_Barsett> !use discountcard on Lyner_Barsett
[18:12] <Wolfbane> Your shop level has been lowered. It is now 5!
[18:12] <Lyner_Barsett> !shop buy items discountcard
[18:12] <Lyner_Barsett> !use discountcard on Lyner_Barsett
[18:12] <Wolfbane> Your shop level has been lowered. It is now 1.0!
[18:12] <Lyner_Barsett> !shop buy stats hp 1000
[18:12] <Lyner_Barsett> !shop buy stats hp 1000
[18:13] <Lyner_Barsett> !shop buy stats hp 700
[18:13] <Lyner_Barsett> !shop buy stats hp 600
[18:18] <Wolfbane> Your int has permanantly increased by 1!
[18:29] <Lyner_Barsett> !shop buy items discountcard
[18:29] <Lyner_Barsett> !shop buy items discountcard
[18:29] <Lyner_Barsett> !shop buy items discountcard
[18:29] <Lyner_Barsett> !use discountcard on Lyner_Barsett
[18:29] <Wolfbane> Your shop level has been lowered. It is now 15!

Session Start: Mon Sep 03 18:51:01 2012
Session Ident: Lyner_Barsett
[18:51] Session Ident: Lyner_Barsett (~Ib.is.Moe@39c049cc.3cbc6b2b.3856dc6.1908d3efX)
[18:51] <Lyner_Barsett> !id BARRELS!!
Session Close: Mon Sep 03 18:51:01 2012

Session Start: Mon Sep 03 18:51:47 2012
Session Ident: Lyner_Barsett
[18:51] Session Ident: Lyner_Barsett (~Ib.is.Moe@39c049cc.3cbc6b2b.3856dc6.1908d3efX)
[18:51] <Lyner_Barsett> !use discountcards on Lyner_Barsett
[18:51] <Lyner_Barsett> !use discountcard on Lyner_Barsett
[18:51] <Wolfbane> Your shop level has been lowered. It is now 5!
[18:52] <Lyner_Barsett> !use discountcard on Lyner_Barsett
[18:52] <Wolfbane> Your shop level has been lowered. It is now 1.0!
[18:52] <Lyner_Barsett> !orbs
[18:52] <Lyner_Barsett> !shop buy stats hp 600
[18:54] <Lyner_Barsett> !shop buy items discountcard 3
[18:54] <Lyner_Barsett> !use discountcard on Lyner_Barsett
[18:54] <Wolfbane> Your shop level has been lowered. It is now 15!
[18:55] <Lyner_Barsett> !use discountcard on Lyner_Barsett
[18:55] <Wolfbane> Your shop level has been lowered. It is now 5!
[18:55] <Lyner_Barsett> !use discountcard on Lyner_Barsett
[18:55] <Wolfbane> Your shop level has been lowered. It is now 1.0!
Session Close: Mon Sep 03 19:18:02 2012

Session Start: Mon Sep 03 21:20:56 2012
Session Ident: Lyner_Barsett
[21:20] Session Ident: Lyner_Barsett (~Ib.is.Moe@39c049cc.3cbc6b2b.3856dc6.1908d3efX)
[21:20] <Lyner_Barsett> !id BARRELS!!
Session Close: Mon Sep 03 21:20:56 2012

Session Start: Mon Sep 03 21:28:13 2012
Session Ident: Lyner_Barsett
[21:28] Session Ident: Lyner_Barsett (~Ib.is.Moe@39c049cc.3cbc6b2b.3856dc6.1908d3efX)
[21:28] <Lyner_Barsett> !view-info weapon Silver_Goddess_sword
Session Close: Mon Sep 03 22:35:55 2012

Session Start: Tue Sep 04 00:03:51 2012
Session Ident: Lyner_Barsett
[00:03] Session Ident: Lyner_Barsett (~Ib.is.Moe@39c049cc.3cbc6b2b.3856dc6.1908d3efX)
[00:03] <Lyner_Barsett> !shop buy skills fullbring 5
[00:04] <Lyner_Barsett> !shop buy items fire_flower 10
[00:04] <Lyner_Barsett> !view-info skills
[00:04] <Wolfbane> Error: The command is missing the name of what you want to view. Use it like: !view-info <tech, item, skill, weapon> <name> (and remember to remove the < >)
[00:04] <Lyner_Barsett> !view-info skill FullBring
Session Close: Tue Sep 04 00:58:22 2012

Session Start: Thu Sep 06 16:57:13 2012
Session Ident: Lyner_Barsett
[16:57] Session Ident: Lyner_Barsett (~Ib.is.Moe@3f26dfb9.3cbc6b2b.3856dc6.1908d3efX)
[16:57] <Lyner_Barsett> !id BARRELS!!
Session Close: Thu Sep 06 16:57:13 2012
