
Session Start: Mon Sep 03 00:20:08 2012
Session Ident: rei_hunter
[00:20] Session Ident: rei_hunter (~rei_hunte@guardian.of.the.universe-unlimited.custom.item.works)
[00:20] <rei_hunter> !view-info tech tetraspirit
Session Close: Mon Sep 03 00:20:16 2012

Session Start: Mon Sep 03 06:52:34 2012
Session Ident: rei_hunter
[06:52] Session Ident: rei_hunter (~rei_hunte@guardian.of.the.universe-unlimited.custom.item.works)
[06:52] <rei_hunter> !view-info tech Stealpower
[06:52] <rei_hunter> !shop buy techs Stealpower
Session Close: Mon Sep 03 07:13:46 2012

Session Start: Mon Sep 03 07:42:34 2012
Session Ident: rei_hunter
[07:42] Session Ident: rei_hunter (~rei_hunte@guardian.of.the.universe-unlimited.custom.item.works)
[07:42] <rei_hunter> !id pewpewcannon
Session Close: Mon Sep 03 07:42:34 2012

Session Start: Mon Sep 03 11:40:29 2012
Session Ident: rei_hunter
[11:40] Session Ident: rei_hunter (~rei_hunte@guardian.of.the.universe-unlimited.custom.item.works)
[11:40] <rei_hunter> !id pewpewcannon
Session Close: Mon Sep 03 11:40:29 2012

Session Start: Mon Sep 03 11:46:42 2012
Session Ident: rei_hunter
[11:46] Session Ident: rei_hunter (~rei_hunte@guardian.of.the.universe-unlimited.custom.item.works)
[11:46] <rei_hunter> !id pewpewcannon
Session Close: Mon Sep 03 11:46:42 2012

Session Start: Mon Sep 03 11:56:00 2012
Session Ident: rei_hunter
[11:56] Session Ident: rei_hunter (~rei_hunte@guardian.of.the.universe-unlimited.custom.item.works)
[11:56] <rei_hunter> !shop list techs
[12:27] <rei_hunter> !shop buy stats str 200
[12:27] <rei_hunter> !shop buy stats int 200
[12:27] <rei_hunter> !shop buy stats spd 100
[12:27] <rei_hunter> !shop buy stats spd 50
Session Close: Mon Sep 03 13:39:06 2012

Session Start: Mon Sep 03 15:54:41 2012
Session Ident: rei_hunter
[15:54] Session Ident: rei_hunter (~rei_hunte@guardian.of.the.universe-unlimited.custom.item.works)
[15:54] <rei_hunter> !id pewpewcannon
Session Close: Mon Sep 03 15:54:41 2012

Session Start: Mon Sep 03 16:22:16 2012
Session Ident: rei_hunter
[16:22] Session Ident: rei_hunter (~rei_hunte@guardian.of.the.universe-unlimited.custom.item.works)
[16:22] <rei_hunter> !shop buy stats hp 100
[16:22] <rei_hunter> !shop buy stats str 200
[16:22] <rei_hunter> !shop buy stats int 100
[16:22] <rei_hunter> !shop buy stats spd 100
[16:22] <rei_hunter> !shop list skills
[16:22] <rei_hunter> !shop buy Analysis 5
[16:22] <rei_hunter> !shop buy skills Analysis 5
[16:23] <rei_hunter> !shop buy skills BloodPact
[16:23] <rei_hunter> !shop buy skills Swordmaster 50
[16:23] <rei_hunter> !shop buy skills Swordmaster 50
[16:23] <rei_hunter> !shop buy skills Swordmaster 50
[16:23] <rei_hunter> !shop buy skills Swordmaster 50
[16:23] <rei_hunter> !shop buy skills Swordmaster 50
[16:23] <rei_hunter> !shop buy skills ElementalSeal
[16:23] <rei_hunter> !shop buy skills ElementalSeal
[16:23] <rei_hunter> !shop buy skills ElementalSeal
Session Close: Mon Sep 03 16:56:33 2012

Session Start: Mon Sep 03 17:03:14 2012
Session Ident: rei_hunter
[17:03] Session Ident: rei_hunter (~rei_hunte@guardian.of.the.universe-unlimited.custom.item.works)
[17:03] <rei_hunter> !shop buy stats hp 1000
[17:03] <rei_hunter> !shop buy stats hp 200
[17:03] <rei_hunter> !shop buy stats hp 200
[17:08] <rei_hunter> !shop list styles
[17:08] <rei_hunter> !shop buy styles Spellmaster
Session Close: Mon Sep 03 17:26:45 2012

Session Start: Mon Sep 03 17:31:59 2012
Session Ident: rei_hunter
[17:31] Session Ident: rei_hunter (~rei_hunte@guardian.of.the.universe-unlimited.custom.item.works)
[17:31] <rei_hunter> !shop buy stats spd 200
[17:32] <rei_hunter> !shop buy stats hp 200
[17:32] <rei_hunter> !shop buy stats hp 200
[17:36] <rei_hunter> !shop buy stats spd 200
[17:40] <rei_hunter> !shop buy stats spd 200
[17:40] <rei_hunter> !shop buy stats spd 200
[17:40] <rei_hunter> !shop buy stats int 200
[17:40] <rei_hunter> !shop buy stats int 200
[17:40] <rei_hunter> !shop buy stats str 200
[17:44] <rei_hunter> !shop buy stats spd 200
[17:48] <rei_hunter> !shop buy stats spd 200
[17:53] <Wolfbane> Your str has permanantly increased by 1!
[17:53] <Wolfbane> Your def has permanantly increased by 1!
[17:54] <rei_hunter> !shop buy stats str 200
[17:54] <rei_hunter> !shop buy stats str 200
[17:58] <rei_hunter> !shop buy stats hp 300
[18:05] <rei_hunter> !shop buy stats hp 300
[18:05] <rei_hunter> !shop buy stats hp 200
[18:11] <rei_hunter> !shop buy techs TensaZangetsu 1000
[18:11] <rei_hunter> !shop buy stats hp 100
[18:11] <rei_hunter> !shop buy stats hp 100
[18:11] <rei_hunter> !shop buy stats hp 100
[18:15] <rei_hunter> !shop buy stats hp 200
[18:21] <rei_hunter> !shop buy stats spd 100
[18:21] <rei_hunter> !shop buy stats str 100

Session Start: Mon Sep 03 18:45:00 2012
Session Ident: rei_hunter
[18:45] Session Ident: rei_hunter (~rei_hunte@guardian.of.the.universe-unlimited.custom.item.works)
[18:45] <rei_hunter> !id pewpewcannon
Session Close: Mon Sep 03 18:45:00 2012

Session Start: Mon Sep 03 18:58:42 2012
Session Ident: rei_hunter
[18:58] Session Ident: rei_hunter (~rei_hunte@guardian.of.the.universe-unlimited.custom.item.works)
[18:58] <rei_hunter> !shop buy stats hp 10000
[18:58] <rei_hunter> !shop buy stats hp 1000
[18:58] <rei_hunter> !shop buy stats spd 500
[18:58] <rei_hunter> !shop buy stats str 500
[18:59] <rei_hunter> !shop buy stats def 500
[18:59] <rei_hunter> !shop buy stats str 500
Session Close: Mon Sep 03 19:18:02 2012

Session Start: Tue Sep 04 16:38:48 2012
Session Ident: rei_hunter
[16:38] Session Ident: rei_hunter (~rei_hunte@guardian.of.the.universe-unlimited.custom.item.works)
[16:38] <rei_hunter> !id pewpewcannon
Session Close: Tue Sep 04 16:38:48 2012

Session Start: Tue Sep 04 19:58:49 2012
Session Ident: rei_hunter
[19:58] Session Ident: rei_hunter (~rei_hunte@guardian.of.the.universe-unlimited.custom.item.works)
[19:58] <rei_hunter> !shop buy stats int 500
[19:58] <rei_hunter> !shop buy stats str 500
[20:03] <rei_hunter> !stats
[20:13] <rei_hunter> !shop buy stats hp 10
[20:14] <rei_hunter> !shop buy stats tp 4
[20:14] <rei_hunter> !shop list skills
[20:14] <rei_hunter> !shop buy skills ElementalSeal 5
[20:14] <rei_hunter> !shop buy skills MightyStrike 5
[20:15] <rei_hunter> !shop buy skills Swordmaster 200
[20:15] <Wolfbane> Your shop level has been lowered. It is now 13.4!
[20:15] <Wolfbane> Your shop level has been lowered. It is now 3.4!
[20:15] <Wolfbane> Your shop level has been lowered. It is now 1.0!
[20:15] <rei_hunter> !shop buy skills impetus 30
[20:16] <rei_hunter> !shop buy skills ClearMind
[20:16] <rei_hunter> !shop buy skills ClearMind 2
[20:16] <rei_hunter> !shop buy skills ClearMind 3
[20:16] <rei_hunter> !shop buy skills ClearMind 2
[20:16] <rei_hunter> !shop buy skills OrbHunter 50
[20:16] <Wolfbane> Your shop level has been lowered. It is now 1.0!
[20:16] <rei_hunter> !shop list techs
[20:16] <rei_hunter> !shop buy techs Atonement 20
[20:17] <rei_hunter> !shop list
[20:17] <rei_hunter> !shop
[20:17] <rei_hunter> !equip Fists
[20:17] <rei_hunter> !shop list techs
[20:17] <rei_hunter> !equip Silver_Goddess_Sword
[20:17] <rei_hunter> !shop list weapons
[20:18] <rei_hunter> !shop buy skills Meditate
[20:18] <rei_hunter> !shop buy skills Meditate 2
[20:18] <rei_hunter> !shop buy skills Meditate 2
[20:18] <rei_hunter> !shop list stats
[20:19] <rei_hunter> !shop buy stats str 100
[20:19] <Wolfbane> Your shop level has been lowered. It is now 3.5!
[20:19] <rei_hunter> !shop buy stats int 100
[20:19] <Wolfbane> Your shop level has been lowered. It is now 3.5!
[20:19] <rei_hunter> !shop buy stats spd 200
[20:19] <Wolfbane> Your shop level has been lowered. It is now 13.5!
[20:19] <rei_hunter> !shop buy stats def 100
[20:19] <Wolfbane> Your shop level has been lowered. It is now 13.5!
[20:19] <Wolfbane> Your shop level has been lowered. It is now 3.5!
[20:20] <rei_hunter> !shop buy stats str 100
[20:20] <Wolfbane> Your shop level has been lowered. It is now 3.5!
[20:20] <rei_hunter> !shop buy stats int 100
[20:20] <Wolfbane> Your shop level has been lowered. It is now 3.5!
[20:20] <rei_hunter> !shop buy stats int 100
[20:20] <Wolfbane> Your shop level has been lowered. It is now 3.5!
[20:20] <rei_hunter> !shop buy stats str 100
[20:20] <Wolfbane> Your shop level has been lowered. It is now 3.5!

Session Start: Tue Sep 04 20:22:41 2012
Session Ident: rei_hunter
[20:22] Session Ident: rei_hunter (~rei_hunte@guardian.of.the.universe-unlimited.custom.item.works)
[20:22] <rei_hunter> !shop buy stats str 100
[20:22] <rei_hunter> !id pewpewcannon
Session Close: Tue Sep 04 20:22:49 2012

Session Start: Tue Sep 04 20:22:53 2012
Session Ident: rei_hunter
[20:22] Session Ident: rei_hunter (~rei_hunte@guardian.of.the.universe-unlimited.custom.item.works)
[20:22] <rei_hunter> !shop buy stats str 100
[20:23] <Wolfbane> Your shop level has been lowered. It is now 13.5!
[20:23] <Wolfbane> Your shop level has been lowered. It is now 3.5!
[20:23] <rei_hunter> !shop buy stats str 100
[20:23] <Wolfbane> Your shop level has been lowered. It is now 3.5!
[20:23] <rei_hunter> !shop buy stats hp 120
[20:23] <rei_hunter> !shop buy stats hp 120
[20:23] <Wolfbane> Your shop level has been lowered. It is now 15!
[20:23] <Wolfbane> Your shop level has been lowered. It is now 5!
[20:23] <Wolfbane> Your shop level has been lowered. It is now 1.0!
[20:23] <rei_hunter> !shop buy stats hp 150
[20:24] <Wolfbane> Your shop level has been lowered. It is now 6!
[20:24] <rei_hunter> !shop buy stats tp 50
[20:24] <Wolfbane> Your shop level has been lowered. It is now 1!
[20:24] <rei_hunter> !shop buy stats SPD 200
[20:24] <Wolfbane> Your shop level has been lowered. It is now 11!
[20:24] <Wolfbane> Your shop level has been lowered. It is now 1!
[20:24] <Wolfbane> Your shop level has been lowered. It is now 1.0!
[20:24] <rei_hunter> !shop buy stats str 200
[20:24] <Wolfbane> Your shop level has been lowered. It is now 11!
[20:24] <Wolfbane> Your shop level has been lowered. It is now 1!
[20:24] <rei_hunter> !shop buy stats str 200
[20:24] <Wolfbane> Your shop level has been lowered. It is now 11!
[20:24] <Wolfbane> Your shop level has been lowered. It is now 1!
[20:24] <rei_hunter> !shop buy stats str 200
Session Close: Tue Sep 04 20:33:23 2012

Session Start: Tue Sep 04 22:09:41 2012
Session Ident: rei_hunter
[22:09] Session Ident: rei_hunter (~rei_hunte@guardian.of.the.universe-unlimited.custom.item.works)
[22:09] <rei_hunter> !id pewpewcannon
Session Close: Tue Sep 04 22:09:41 2012

Session Start: Tue Sep 04 22:25:16 2012
Session Ident: rei_hunter
[22:25] Session Ident: rei_hunter (~rei_hunte@guardian.of.the.universe-unlimited.custom.item.works)
[22:25] <rei_hunter> !shop
Session Close: Tue Sep 04 22:25:30 2012

Session Start: Tue Sep 04 22:25:35 2012
Session Ident: rei_hunter
[22:25] <Wolfbane> Your shop level has been lowered. It is now 11!
[22:25] <Wolfbane> Your shop level has been lowered. It is now 1!
[22:25] <rei_hunter> !shop buy stats 150
[22:25] <rei_hunter> !shop buy stats str 150
[22:25] <Wolfbane> Your shop level has been lowered. It is now 6!
[22:26] <Wolfbane> Your shop level has been lowered. It is now 1.0!
[22:26] <rei_hunter> !shop buy stats str 150
[22:26] <Wolfbane> Your shop level has been lowered. It is now 6!
[22:27] <rei_hunter> !shop buy stats int 200
[22:27] <Wolfbane> Your shop level has been lowered. It is now 15!
[22:27] <Wolfbane> Your shop level has been lowered. It is now 5!
[22:27] <Wolfbane> Your shop level has been lowered. It is now 1.0!
[22:27] <rei_hunter> !shop buy stats hp 200
[22:27] <Wolfbane> Your shop level has been lowered. It is now 11!
[22:27] <Wolfbane> Your shop level has been lowered. It is now 1!
[22:27] <Wolfbane> Your shop level has been lowered. It is now 1.0!
[22:28] <rei_hunter> !shop buy stats str 200
Session Time: Wed Sep 05 00:00:00 2012
Session Close: Wed Sep 05 00:30:32 2012

Session Start: Wed Sep 05 14:34:21 2012
Session Ident: rei_hunter
[14:34] <Wolfbane> Your shop level has been lowered. It is now 11!
[14:34] <Wolfbane> Your shop level has been lowered. It is now 1!
[14:53] <rei_hunter> !shop list skills
Session Close: Wed Sep 05 18:07:49 2012

Session Start: Wed Sep 05 18:51:17 2012
Session Ident: rei_hunter
[18:51] Session Ident: rei_hunter (~rei_hunte@guardian.of.the.universe-unlimited.custom.item.works)
[18:51] <rei_hunter> !shop buy stats str 100
[18:51] <rei_hunter> !shop buy stats str 100
[18:51] <Wolfbane> Your shop level has been lowered. It is now 11!
[18:51] <Wolfbane> Your shop level has been lowered. It is now 1!
[18:51] <rei_hunter> !shop buy stats str 100
[18:51] <rei_hunter> !shop buy stats str 100
[18:51] <Wolfbane> Your shop level has been lowered. It is now 11!
[18:51] <Wolfbane> Your shop level has been lowered. It is now 1!
Session Close: Wed Sep 05 19:10:05 2012

Session Start: Wed Sep 05 19:40:11 2012
Session Ident: rei_hunter
[19:40] Session Ident: rei_hunter (~rei_hunte@guardian.of.the.universe-unlimited.custom.item.works)
[19:40] <rei_hunter> !shop
[19:40] <rei_hunter> !shop buy stats str 100
[19:40] <rei_hunter> !shop buy stats str 100
[19:40] <Wolfbane> Your shop level has been lowered. It is now 11!
[19:40] <Wolfbane> Your shop level has been lowered. It is now 1!
[19:40] <rei_hunter> !shop buy skills DesperateBlows
[19:40] <rei_hunter> !shop list skills
[19:41] <rei_hunter> !shop buy skills resist-blind 100
[19:41] <rei_hunter> !shop buy skills resist-stun 100
[19:41] <Wolfbane> Your shop level has been lowered. It is now 11.1!
[19:41] <Wolfbane> Your shop level has been lowered. It is now 1.1!
[19:41] <rei_hunter> !shop buy skills resist-slow 100
[19:41] <rei_hunter> !shop buy skills resist-charm 100
[19:41] <Wolfbane> Your shop level has been lowered. It is now 11.1!
[19:41] <Wolfbane> Your shop level has been lowered. It is now 1.1!
[19:41] <rei_hunter> !shop buy skills BloodBoost 20
[19:41] <rei_hunter> !shop buy skills BloodBoost 10
[19:42] <rei_hunter> !shop buy skills Analysis 5
[19:42] <rei_hunter> !shop buy skills Regen 5
[19:42] <rei_hunter> !shop buy skills Regen 5
[19:42] <rei_hunter> !shop buy skills Regen 5
[19:42] <rei_hunter> !shop buy skills Regen 5
[19:42] <rei_hunter> !shop buy skills Regen 5
[19:42] <rei_hunter> !shop buy skills Bloodpact
[19:42] <Wolfbane> Your shop level has been lowered. It is now 1.0!

Session Start: Wed Sep 05 20:04:50 2012
Session Ident: rei_hunter
[20:04] <Wolfbane> Your str has permanantly increased by 1!
[20:04] <Wolfbane> Your str has permanantly increased by 1!
[20:05] <Wolfbane> Your str has permanantly increased by 1!
Session Close: Wed Sep 05 20:09:23 2012

Session Start: Thu Sep 06 06:45:43 2012
Session Ident: rei_hunter
[06:45] Session Ident: rei_hunter (~rei_hunte@guardian.of.the.universe-unlimited.custom.item.works)
[06:45] <rei_hunter> !id pewpewcannon
Session Close: Thu Sep 06 06:45:43 2012

Session Start: Thu Sep 06 07:54:27 2012
Session Ident: rei_hunter
[07:54] Session Ident: rei_hunter (~rei_hunte@guardian.of.the.universe-unlimited.custom.item.works)
[07:54] <rei_hunter> !shop list techs
[07:54] <rei_hunter> !shop buy techs CureV 100
[07:54] <Wolfbane> Your shop level has been lowered. It is now 1!
[07:55] <rei_hunter> !shop buy techs WiseReflection 100
[07:55] <rei_hunter> !shop buy techs WiseReflection 100
[07:55] <Wolfbane> Your shop level has been lowered. It is now 11!
