
Session Start: Mon Sep 03 07:42:40 2012
Session Ident: Reyvateil
[07:42] Session Ident: Reyvateil (Ib.is.Moe@ec7593a.3cbc6b2b.3856dc6.1908d3efX)
[07:42] <Reyvateil> !id Ar Tonelico
[07:42] <Reyvateil> !id Ar Tonelico III
[07:43] <Reyvateil> !id Ar Tonelico
[07:43] <Reyvateil> !id Ar Tonelico
[07:43] <Reyvateil> !shop buy stats spd 10
[08:22] <Reyvateil> !id Ar Tonelico
[08:23] <Reyvateil> !id BARRELS!!
Session Close: Mon Sep 03 09:15:27 2012

Session Start: Mon Sep 03 10:19:36 2012
Session Ident: Reyvateil
[10:19] Session Ident: Reyvateil (Ib.is.Moe@ec7593a.3cbc6b2b.3856dc6.1908d3efX)
[10:19] <Reyvateil> !id BARRELS!!
[10:20] <Reyvateil> !id Al Cetora
[10:20] <Reyvateil> !id Ar Tonelico
[10:22] <Wolfbane> You enter the arena with a total of 38400 Red Orbs to spend.
[10:22] <Wolfbane> Your password has been set to battlearena57z and it is recommended you change it using the command !newpass battlearena57z newpasswordhere in private or at least write the password down. Passwords cannot be recovered!
[10:23] <Lyner_Barsett> !newpass battlearena57z BARRELS!!
[10:26] <Lyner_Barsett> !view-info weapon glyph
[10:26] <Wolfbane> Invalid weapon
[10:26] <Lyner_Barsett> !shop buy stats hp 50
[10:38] <Lyner_Barsett> !shop buy stats hp 50
[10:40] <Wolfbane> Invalid skill
[10:53] <Lyner_Barsett> !shop buy skills clearmind 3
[10:53] <Lyner_Barsett> !shop list skills
Session Close: Mon Sep 03 11:05:58 2012
