BigSpender
Don'tYouHaveAHome
BattleArenaAnon
Don'tForgetYourFriendsAndFamily
BossKiller
SirDiesALot
MakeMoney
ScardyCat
Cheapskate
Can'tKeepAGoodManDown
MonsterSlayer
PrettyGemCollector
MasterOfUnlocking
Santa'sLittleHelper
AreYouTheKeyMaster
NowYou'rePlayingWithPower
PartyIsGettingCrazy
Can'tTouchThis
NeverAskedForThis
AlliedScrub
AlliedSoldier
GlassCannon
StoneWall
BloodGoneDry
IceIceBaby
DiscoInferno
BlindedByTheLight
RockYouLikeAHurricane
1.21gigawatts
It'sAllDoomAndGloom
InTuneWithMotherEarth
TimeToBuildAnArk