Pizza
PotRoast
Ramen
Cavier
BisonDollar
DragonMeat
SuperMushroom
FireDragonWine
Ambrosia
FoieGras
KnowledgeSource
SoulPainting
FishAndChips
Slurm
CerberusMeat
SilverApple
DefenseSource
PowerSource
Herring
TurkeyLeg
blackorb
Tonic
GoldOrb
IgnitionStar
DiscountCard
UltraDiscountCard
Wizard's-Amulet
Blessed-Ankh
Blood-Ring
Blood-Pendant
Purple-Belt
Brown-Belt
Black-Belt
Miser-Ring
Thief-Ring
Fool's-Tablet
Ribbon
Aztec-Goldcoin
Lucky-Rabbit'sFoot
AlliedTrainingPaper
WormFood
DemonBell
VirilityCan