Ink
Paper
AshLog
Hatchet
IronOre
GoldOre
SilverOre
DarksteelOre
Ectoplasm
BrokenLance
SilverChain
FireGem
IceStone
WindRock
WaterJewel
EarthSphere
Glass
Cloth
RepairHammer
TigerFang
Sand
AncientBeastcoin
CardinalCloth
Kurogane
DiabolicSilk
DarkOrichalcumIngot
JewelOfArdor
StoneOfWieldance
CoinOfBalance
BenedictSilk
GlitteringYarn
ChameleonYarn
SnowyCerment
UtopianGoldThread
BeastmenSeal
KindredSeal
KindredCrest
HighKindredCrest
ByakkoSeal
GenbuSeal
SeiryuSeal
SuzakuSeal
KirinSeal