
Session Start: Thu Sep 06 17:02:47 2012
Session Ident: Demetrio
[17:02] <Wolfbane> You enter the arena with a total of 28500 Red Orbs to spend.
[17:02] <Wolfbane> Your password has been set to battlearena28l and it is recommended you change it using the command !newpass battlearena28l newpasswordhere in private or at least write the password down. Passwords cannot be recovered!
[17:05] <Wolfbane> You enter the arena with a total of 29400 Red Orbs to spend.
[17:05] <Wolfbane> Your password has been set to battlearena97u and it is recommended you change it using the command !newpass battlearena97u newpasswordhere in private or at least write the password down. Passwords cannot be recovered!
[17:05] <Rori_Mercury> !newpass battlearena97u SLASH!!
[17:06] <Rori_Mercury> !shop list weapons
[17:07] <Rori_Mercury> !view-info weapons fists
[17:07] <Rori_Mercury> !view-info weapon fists
[17:08] <Rori_Mercury> !view-info weapon Glyphs
[17:08] <Rori_Mercury> !shop buy weapons keitonotachi
[17:09] <Rori_Mercury> !shop buy stats hp 7
[17:09] <Rori_Mercury> !shop list skills
[17:09] <Rori_Mercury> !shop buy skills steal
[17:10] <Rori_Mercury> !view-info skill speed
[17:10] <Rori_Mercury> !shop buy stats str 10
[17:10] <Rori_Mercury> !orbs
[17:10] <Rori_Mercury> !shop buy stats str 10
[17:11] <Rori_Mercury> !shop buy skills speed 10
[17:18] <Wolfbane> You enter the arena with a total of 28200 Red Orbs to spend.
[17:18] <Wolfbane> Your password has been set to battlearena10d and it is recommended you change it using the command !newpass battlearena10d newpasswordhere in private or at least write the password down. Passwords cannot be recovered!
[17:18] <Leoniro_Exelia> !newpass battlearena10d BARRELS!!
[17:19] <Leoniro_Exelia> !shop list skills
[17:19] <Leoniro_Exelia> !equip keitonotachi
Session Close: Thu Sep 06 17:34:11 2012
