
Session Start: Mon Sep 03 10:56:48 2012
Session Ident: Exodus
[10:56] <Wolfbane> You enter the arena with a total of 37200 Red Orbs to spend.
[10:56] <Wolfbane> Your password has been set to battlearena5l and it is recommended you change it using the command !newpass battlearena5l newpasswordhere in private or at least write the password down. Passwords cannot be recovered!
[10:57] <Exodus> !newpass battlearena5l pokemon
[10:57] <Exodus> !shop
[10:59] <Exodus> !shop list items
[11:00] <Exodus> !shop list techs
[11:01] <Exodus> !info AsuranFists
[11:01] <Exodus> !info AsuranFists+1
[11:01] <Exodus> !help
[11:01] <Exodus> !help intro
[11:02] <Exodus> !help goal
[11:02] <Exodus> !help descriptions
[11:03] <Exodus> !desc Iyouboushi
[11:03] <Exodus> !help !setgender
[11:04] <Exodus> !setgender male
[11:04] <Exodus> !help health
[11:04] <Exodus> !help TP
[11:05] <Exodus> !help
[11:05] <Exodus> !help orbs
Session Close: Mon Sep 03 11:05:58 2012

Session Start: Mon Sep 03 11:06:38 2012
Session Ident: Exodus
[11:06] Session Ident: Exodus (UPP@2803ef39.12b24a3f.38050f2d.2d34f077X)
[11:06] <Exodus> !help shop
[11:07] <Exodus> !help !view-info
[11:09] <Exodus> !view-info AsuranFists
[11:09] <Wolfbane> Error: The command is missing the name of what you want to view. Use it like: !view-info <tech, item, skill, weapon> <name> (and remember to remove the < >)
[11:09] <Exodus> !view-info tech AsuranFists
[11:09] <Exodus> !view-info tech DoublePunch
[11:09] <Exodus> !view-info tech ShoulderTackle
[11:10] <Exodus> !view-info tech SpinningAttack
[11:11] <Exodus> !help skills
[11:14] <Exodus> !help attacking
[11:14] <Exodus> !help techs
Session Close: Mon Sep 03 11:16:17 2012

Session Start: Mon Sep 03 11:18:38 2012
Session Ident: Exodus
[11:18] Session Ident: Exodus (UPP@2803ef39.12b24a3f.38050f2d.2d34f077X)
[11:18] <Exodus> !help
[11:18] <Exodus> !help boosts
[11:22] <Exodus> !help statuseffects
[11:24] <Exodus> !help finalgetsuga
[11:26] <Exodus> !help styles
[11:29] <Exodus> !style
[11:29] <Exodus> !view-info doppelganger
[11:29] <Wolfbane> Error: The command is missing the name of what you want to view. Use it like: !view-info <tech, item, skill, weapon> <name> (and remember to remove the < >)
[11:29] <Exodus> !view-info style doppelganger
[11:30] <Exodus> !view-info tech doppelganger
[11:30] <Wolfbane> Error: Invalid technique
[11:30] <Exodus> !view-info skill doppelganger
[11:30] <Wolfbane> Invalid skill
[11:30] <Exodus> !view-info skill shadow clone
[11:30] <Wolfbane> Invalid skill
[11:30] <Exodus> !view-info skill shadowclone
[11:30] <Wolfbane> Invalid skill
[11:30] <Exodus> !shop
[11:31] <Exodus> !shop list skills
[11:32] <Exodus> !shop list stats
[11:32] <Exodus> !shop list weapons
[11:33] <Exodus> !shop list styles
[11:34] <Exodus> !view-info skill shadowcopy
[11:35] <Exodus> !view-info skill steal
[11:35] <Exodus> !view-info skill analysis
[11:35] <Exodus> !view-info skill orbhunter
[11:36] <Exodus> !view-info weapon valwayman
[11:36] <Exodus> !view-info skill meikyoshisui
[11:36] <Wolfbane> Invalid skill
[11:36] <Exodus> !view-info tech meikyoshisui
[11:37] <Exodus> !shop
[11:37] <Exodus> !shop list orbs
Session Close: Mon Sep 03 11:40:29 2012

Session Start: Mon Sep 03 11:45:03 2012
Session Ident: Exodus
[11:45] Session Ident: Exodus (UPP@2803ef39.12b24a3f.38050f2d.2d34f077X)
[11:45] <Exodus> !view-info skill speed
[11:45] <Exodus> !view-info skill ElementalSeal
[11:45] <Exodus> !view-info skill MightyStrike
[11:45] <Exodus> !view-info skill Manawall
[11:45] <Exodus> !view-info skill royalguard
[11:45] <Exodus> !view-info skill fullbring
[11:45] <Exodus> !view-info skill sugitekai
[11:45] <Exodus> !view-info skill meditate
[11:46] <Exodus> !view-info skill bloodboost
[11:46] <Exodus> !view-info skill drainsamba
[11:46] <Exodus> !view-info skill kikouheni
[11:46] <Exodus> !view-info skill utsusemi
Session Close: Mon Sep 03 11:46:42 2012

Session Start: Mon Sep 03 11:51:06 2012
Session Ident: Exodus
[11:51] Session Ident: Exodus (UPP@2803ef39.12b24a3f.38050f2d.2d34f077X)
[11:51] <Exodus> !view-info skill polemaster
[11:51] <Exodus> !view-info skill clearmind
[11:51] <Exodus> !view-info skill desperateblows
[11:51] <Exodus> !view-info skill fieldmedic
[11:51] <Exodus> !view-info skill impetus
[11:51] <Exodus> !view-info skill bloodpact
[11:53] <Exodus> !view-info weapon cerberus
[11:54] <Exodus> !view-info tech revolver
[11:54] <Exodus> !view-info tech windmill
[11:54] <Exodus> !view-info tech crystal
[11:55] <Exodus> !view-info weapon ifrit
[11:55] <Exodus> !view-info weapon spharai
[11:56] <Exodus> !view-info weapon almace
[11:56] <Exodus> !view-info weapon murgleis
[11:56] <Exodus> !view-info weapon spikedsteelwhip
[11:56] <Exodus> !view-info weapon vampire_killer
[11:56] <Exodus> !view-info weapon hexagun
[11:56] <Exodus> !view-info weapon armageddon
[11:56] <Exodus> !view-info weapon annihilator
[11:56] <Exodus> !view-info weapon deathpenalty
[11:57] <Exodus> !view-info weapon masamune
[11:57] <Exodus> !view-info weapon laevatein
[11:57] <Exodus> !view-info weapon ebonywand
[11:57] <Exodus> !view-info weapon apocalypse
[11:57] <Exodus> !view-info weapon redemption
[12:00] <Exodus> !view-info weapon ragnarok
[12:00] <Exodus> !view-info weapon caladbolg
[12:13] <Exodus> !view-info weapon armageddon
[12:15] <Exodus> !view-info weapon annihilator
[12:16] <Exodus> !view-info weapon deathpenalty
[12:18] <Exodus> !view-info weapon masamune
[12:20] <Exodus> !view-info weapon aevatein
[12:20] <Wolfbane> Invalid weapon
[12:20] <Exodus> !view-info weapon laevatein
[12:20] <Exodus> hoh, cool weapon
[12:21] <Exodus> !view-info tech merlin'sfinalspell
[12:22] <Exodus> !view-info weapon ebonywand
[12:23] <Exodus> !view-info tech firajaII
[12:23] <Exodus> !view-info weapon elderwand
[12:24] <Exodus> !view-info weapon ryunohige
[12:25] <Exodus> !view-info weapon glyphs
[12:25] <Exodus> !view-info tech ignis
[12:26] <Exodus> !view-info tech dominus
[12:26] <Exodus> !view-info tech globus
[12:27] <Exodus> !view-info tech finalheaven
[12:27] <Exodus> !view-info tech oneinchpunch
[12:28] <Exodus> !view-info tech blastshot
[12:31] <Exodus> !shop list stats
[12:32] <Exodus> !shop buy hp4
[12:32] <Exodus> !shop buy hp 4
[12:32] <Exodus> !shop buy stats hp4
[12:32] <Exodus> !shop buy stats hp 4
[12:33] <Exodus> !shop list skills
[12:34] <Exodus> !view-info style trickster
[12:37] <Exodus> !shop list items
[12:38] <Exodus> !shop buy skill steal
[12:38] <Exodus> !shop buy skill analysis
[12:38] <Exodus> !shop buy skill martialarts
[12:38] <Exodus> !shop buy tech doublepunch
[12:39] <Exodus> !shop buy tech spinningattack
[12:39] <Exodus> !shop buy techs spinningattack
[12:39] <Exodus> !shop buy techs doublepunch
[12:39] <Exodus> !shop buy skill orbhunter
[12:39] <Exodus> !orbs
[12:39] <Exodus> !shop buy skill orbhunter+10
[12:39] <Exodus> !shop buy skill orbhunter10
[12:40] <Exodus> !shop buy skill orbhunter 10
[12:40] <Exodus> !shop buy skill orbhunter 10
[12:42] <Exodus> !desc
[12:42] <Exodus> !cdesc It's not that you're weak, but I'm just too strong
[12:42] <Exodus> !techs
[12:42] <Exodus> !skill
[12:43] <Exodus> !skills
[12:44] <Exodus> !view-info skill analysis
[12:44] <Exodus> !view-info skill steal
[12:44] <Exodus> !view-info skill orbhunter
[12:45] <Exodus> !shop buy skill analysis 4
[12:45] <Exodus> !orbs
[12:45] <Exodus> !shop buy skill orbhunter 10
[12:46] <Exodus> !shop buy skill orbhunter 8
[13:27] <Exodus> !shop buy hp 20
[13:27] <Exodus> !shop buy stats hp 20
[13:28] <Exodus> !shop buy skill orbhunter 20
[13:28] <Exodus> !shop buy skill orbhunter 10
[13:28] <Exodus> !shop buy skill orbhunter 10
[13:28] <Exodus> !orbs
[13:28] <Exodus> !shop buy skill orbhunter 50
[13:29] <Exodus> !shop buy skill orbhunter 40
[13:29] <Exodus> !shop buy skill orbhunter 30
[13:29] <Exodus> !shop buy skill orbhunter 9
[13:29] <Exodus> !shop buy skill orbhunter 9
[13:30] <Exodus> !shop buy skill orbhunter 8
[13:30] <Exodus> !shop buy skill orbhunter 7
[13:30] <Exodus> !shop buy skill orbhunter 6
[13:30] <Exodus> !shop buy skill orbhunter 5
[13:30] <Exodus> -_-
[13:30] <Exodus> !shop buy skill orbhunter 4
[13:30] <Exodus> !shop buy skill orbhunter 3
[13:30] <Exodus> !shop buy skill orbhunter 2
[13:30] <Exodus> !shop buy skill orbhunter 1
[13:30] <Exodus> !skills
[13:36] <Exodus> !skills
[13:36] <Exodus> !techs
Session Close: Mon Sep 03 13:39:06 2012

Session Start: Tue Sep 04 09:31:32 2012
Session Ident: Exodus
[09:31] Session Ident: Exodus (UPP@2f31aeca.9e889ae.38050f2d.2d34f077X)
[09:31] <Exodus> !shop
[09:31] <Exodus> !log
[09:31] <Exodus> !log pokemon
[09:32] <Exodus> I'm still sad
[09:34] <Exodus> !id pokemon
Session Close: Tue Sep 04 09:34:29 2012

Session Start: Tue Sep 04 09:34:43 2012
Session Ident: Exodus
[09:34] Session Ident: Exodus (UPP@2f31aeca.9e889ae.38050f2d.2d34f077X)
[09:34] <Exodus> !shop
[09:34] <Exodus> !orbs
[09:36] <Exodus> !shop list skills
[09:36] <Exodus> !shop list weapons
[09:37] <Exodus> !help
[09:37] <Exodus> !view-info glyphs
[09:37] <Wolfbane> Error: The command is missing the name of what you want to view. Use it like: !view-info <tech, item, skill, weapon> <name> (and remember to remove the < >)
[09:37] <Exodus> !view-info weapon glyphs
[09:38] <Exodus> !view-info tech luminatio
[09:38] <Exodus> !view-info tech nitesco
[09:38] <Exodus> !view-info tech grando
[09:38] <Exodus> !view-info tech dominus
[09:39] <Exodus> !view-info weapon masamune
[09:39] <Exodus> !view-info tech meikyoshisui
[09:40] <Exodus> !view-info tech tachi:rana
[09:42] <Exodus> !shop buy item discountcard
[09:42] <Exodus> !shop list techs
[09:42] <Exodus> !shop list skills
[09:43] <Exodus> !use discountcard
[09:43] <Exodus> !use discountcard on me
[09:43] <Exodus> !use discountcard on Exodus
[09:43] <Wolfbane> Your shop level has been lowered. It is now 4.3!
[09:44] <Exodus> !shop buy item discountcard
[09:44] <Exodus> !use discountcard on Exodus
[09:44] <Wolfbane> Your shop level has been lowered. It is now 1.0!
[09:45] <Exodus> !shop list stats
[09:47] <Exodus> !view-info weapon spharai
Session Close: Tue Sep 04 09:47:26 2012

Session Start: Tue Sep 04 09:47:31 2012
Session Ident: Exodus
[09:47] Session Ident: Exodus (UPP@2f31aeca.9e889ae.38050f2d.2d34f077X)
[09:47] <Exodus> !view-info tech finalheaven
[09:47] <Exodus> !view-info tech oneinchpunch
[10:23] <Exodus> !view-info weapon fists
[10:25] <Exodus> !view-info skill martialarts
[10:25] <Exodus> !view-info weapon cerberus
[10:26] <Exodus> !view-info weapon lance
[10:26] <Exodus> !view-info weapon braveheart
[10:30] <Exodus> !view-info weapon deathscythe
[10:30] <Exodus> !view-info weapon keitonotachi
[10:33] <Exodus> !view-info weapon ebony&ivory
[10:34] <Exodus> !view-info ranstorm
[10:34] <Wolfbane> Error: The command is missing the name of what you want to view. Use it like: !view-info <tech, item, skill, weapon> <name> (and remember to remove the < >)
[10:34] <Exodus> !view-info tech rainstorm
[10:34] <Exodus> !view-info tech rapidshot
[10:38] <Exodus> !view-info tech shadowofdeath
[10:38] <Exodus> !view-info tech hardslash
[10:38] <Exodus> !view-info tech powerslash
[10:42] <Exodus> !view-info weapon yewwand
[10:43] <Exodus> !view-info tech stone
[10:45] <Exodus> !view-info tech fire
[10:46] <Exodus> !view-info weapon elderwand
[10:46] <Exodus> !view-info weapon ebonywand
[10:46] <Exodus> !view-info weapon laevatein
[10:47] <Exodus> !view-info tech flareII
[10:48] <Exodus> !view-info tech quakeII
[10:48] <Exodus> !view-info tech floodII
[10:48] <Exodus> !view-info tech firajaII
[10:49] <Exodus> !view-info tech burstII
[10:49] <Exodus> !view-info tech firaja
[10:51] <Exodus> !shop buy yewwand
[10:51] <Exodus> !shop buy weapon yewwand
[10:51] <Exodus> !equip yewwand
[11:03] <Exodus> !shop buy cure
[11:04] <Exodus> !shop buy tech cure
[11:04] <Exodus> !view-info yewwand
[11:04] <Wolfbane> Error: The command is missing the name of what you want to view. Use it like: !view-info <tech, item, skill, weapon> <name> (and remember to remove the < >)
[11:04] <Exodus> !view-info weapon yewwand
[11:04] <Exodus> !equip yewwand
[11:05] <Exodus> !shop buy tech cure
[11:05] <Exodus> !shop buy techs cure
[11:05] <Exodus> !shop buy techs fire
[11:05] <Exodus> !shop buy techs stone
[11:05] <Exodus> !shop buy techs ice
[11:05] <Exodus> !shop buy techs aero
[11:06] <Exodus> !shop buy techs water
[11:06] <Exodus> !shop buy techs thunder
[11:24] <Exodus> !view-info item potion
[11:24] <Exodus> !item
[11:24] <Exodus> !items
[11:24] <Exodus> !view-info item potroast
[11:24] <Exodus> !view-info item ramen
[11:25] <Exodus> !view-info item bisondollar
[11:25] <Exodus> !view-info item firedragonwine
[11:25] <Exodus> !view-info item foiegras
[13:09] <Exodus> !view-info weapon vampire_killer
[13:10] <Exodus> !view-info tech holylash
[13:10] <Exodus> !view-info tech twindragonlash
[13:10] <Exodus> !view-info tech circularchain
[13:10] <Exodus> !view-info weapon hexagun
[13:11] <Exodus> !view-info weapon ryunohige
[13:11] <Exodus> !view-info tech laststand
[13:11] <Exodus> !view-info tech detonator
[13:11] <Exodus> !view-info tech blastshot
[13:11] <Exodus> !view-info tech souljump
[13:12] <Exodus> !view-info tech drakesbane
[13:12] <Exodus> !view-info tech legsweep
[13:12] <Exodus> !view-info tech stardiver
[13:13] <Exodus> !orbs
