
Session Start: Mon Sep 03 04:40:07 2012
Session Ident: Icarus_Wings
[04:40] Session Ident: Icarus_Wings (~Icarus_Wi@coconut.cream.macaroon)
[04:40] <Icarus_Wings> !id w3f2vrlg
Session Close: Mon Sep 03 04:40:07 2012

Session Start: Mon Sep 03 05:22:39 2012
Session Ident: Icarus_Wings
[05:22] Session Ident: Icarus_Wings (~Icarus_Wi@coconut.cream.macaroon)
[05:22] <Icarus_Wings> !shop list stats
[05:22] <Icarus_Wings> !stats
[05:42] <Icarus_Wings> !shop buy stats int 32
[05:42] <Icarus_Wings> !stats
[05:42] <Icarus_Wings> !shop buy stats int 10
Session Close: Mon Sep 03 07:13:46 2012

Session Start: Mon Sep 03 09:30:07 2012
Session Ident: Icarus_Wings
[09:30] Session Ident: Icarus_Wings (~Icarus_Wi@coconut.cream.macaroon)
[09:30] <Icarus_Wings> !id w3f2vrlg
Session Close: Mon Sep 03 09:30:07 2012

Session Start: Mon Sep 03 10:22:46 2012
Session Ident: Icarus_Wings
[10:22] Session Ident: Icarus_Wings (~Icarus_Wi@coconut.cream.macaroon)
[10:22] <Icarus_Wings> !view-info tech TensaZangetsu
[10:27] <Icarus_Wings> !shop list weapons
[10:34] <Wolfbane> Error: Invalid technique
[10:34] <Wolfbane> Error: Invalid technique
[10:35] <Wolfbane> Invalid skill
[10:35] <Wolfbane> Invalid item
[10:36] <Wolfbane> Invalid skill
[10:36] <Icarus_Wings> !shop list skills
[10:37] <Icarus_Wings> !shop list style
[10:37] <Icarus_Wings> !view-info style SpellMaster
Session Close: Mon Sep 03 11:05:58 2012

Session Start: Mon Sep 03 11:14:30 2012
Session Ident: Icarus_Wings
[11:14] <Wolfbane> Invalid skill
[11:14] <Icarus_Wings> !shop list skills
Session Close: Mon Sep 03 11:16:17 2012

Session Start: Mon Sep 03 11:16:31 2012
Session Ident: Icarus_Wings
[11:16] Session Ident: Icarus_Wings (~Icarus_Wi@coconut.cream.macaroon)
[11:16] <Icarus_Wings> !shop buy skill Analysis
Session Close: Mon Sep 03 11:40:29 2012

Session Start: Tue Sep 04 00:58:22 2012
Session Ident: Icarus_Wings
[00:58] Session Ident: Icarus_Wings (~Icarus_Wi@coconut.cream.macaroon)
[00:58] <Icarus_Wings> !id w3f2vrlg
Session Close: Tue Sep 04 00:58:22 2012

Session Start: Tue Sep 04 09:45:41 2012
Session Ident: Icarus_Wings
[09:45] <Wolfbane> Invalid item
[09:47] <Icarus_Wings> !id w3f2vrlg
Session Close: Tue Sep 04 09:47:26 2012

Session Start: Tue Sep 04 10:25:20 2012
Session Ident: Icarus_Wings
[10:25] Session Ident: Icarus_Wings (~Icarus_Wi@coconut.cream.macaroon)
[10:25] <Icarus_Wings> !shop list skills
[10:25] <Icarus_Wings> !view-info skill ShadwoCopy
[10:25] <Wolfbane> Invalid skill
[10:25] <Icarus_Wings> !view-info skill ShadowCopy

Session Start: Wed Sep 05 01:35:58 2012
Session Ident: Icarus_Wings
[01:35] Session Ident: Icarus_Wings (Icarus_Win@coconut.cream.macaroon)
[01:35] <Icarus_Wings> !id w3f2vrlg
Session Close: Wed Sep 05 01:35:58 2012

Session Start: Wed Sep 05 09:25:22 2012
Session Ident: Icarus_Wings
[09:25] Session Ident: Icarus_Wings (~Icarus_Wi@coconut.cream.macaroon)
[09:25] <Icarus_Wings> !id w3f2vrlg
Session Close: Wed Sep 05 09:25:22 2012

Session Start: Wed Sep 05 10:02:40 2012
Session Ident: Icarus_Wings
[10:02] Session Ident: Icarus_Wings (~Icarus_Wi@coconut.cream.macaroon)
[10:02] <Icarus_Wings> !shop
[10:02] <Icarus_Wings> !shop list weapons
[10:03] <Icarus_Wings> !shop buy weapons Laevatein
[10:03] <Icarus_Wings> !shop list techs
[10:04] <Icarus_Wings> !shop buy weapons Laevatein
[10:04] <Icarus_Wings> !shop list techs
[10:04] <Icarus_Wings> !shop buy techs QuakeII
[10:04] <Icarus_Wings> !shop buy techs FloodII
[10:04] <Icarus_Wings> !shop buy techs TornadoII
[10:04] <Icarus_Wings> !shop buy techs FreezeII
[10:04] <Icarus_Wings> !shop buy techs BurstII
[10:04] <Icarus_Wings> !shop buy techs CureV
[10:04] <Icarus_Wings> !view-info tech Merlin'sFinalSpell
[10:05] <Icarus_Wings> !shop buy techs Merlin'sFinalSpell
[10:05] <Icarus_Wings> !shop list stats
[10:05] <Icarus_Wings> !stats
[10:05] <Icarus_Wings> !shop buy stats def 50
[10:05] <Icarus_Wings> !shop buy stats int 100
[10:06] <Icarus_Wings> !shop buy stats hp 20
[10:06] <Icarus_Wings> !shop buy stats hp 40
[10:06] <Icarus_Wings> !skills
[10:07] <Icarus_Wings> !shop buy stats tp 6
[10:07] <Icarus_Wings> !shop buy stats tp 9
[10:07] <Icarus_Wings> !shop buy skills steal 4
[10:08] <Icarus_Wings> !shop buy skills ShadowCopy
[10:09] <Icarus_Wings> !shop buy stats int 100
[10:09] <Icarus_Wings> !stats
[10:09] <Icarus_Wings> !shop buy stats def 35
[10:09] <Icarus_Wings> !shop buy stats int 100
[10:10] <Icarus_Wings> !stats
[10:10] <Icarus_Wings> !shop buy stats hp 4
[10:10] <Icarus_Wings> !stats
Session Close: Wed Sep 05 18:07:49 2012

Session Start: Thu Sep 06 07:45:18 2012
Session Ident: Icarus_Wings
[07:45] Session Ident: Icarus_Wings (~Icarus_Wi@coconut.cream.macaroon)
[07:45] <Icarus_Wings> !id w3f2vrlg
Session Close: Thu Sep 06 07:45:18 2012

Session Start: Thu Sep 06 07:54:46 2012
Session Ident: Icarus_Wings
[07:54] <Wolfbane> Invalid item

Session Start: Thu Sep 06 08:00:02 2012
Session Ident: Icarus_Wings
[08:00] Session Ident: Icarus_Wings (~Icarus_Wi@coconut.cream.macaroon)
[08:00] <Icarus_Wings> !shop list items
[08:00] <Icarus_Wings> !shop buy items DiscountCard
[08:08] <Icarus_Wings> !shop buy items DiscountCard
[08:08] <Wolfbane> Your shop level has been lowered. It is now 15!
[08:10] <Icarus_Wings> !shop buy stats tp 1
[08:10] <Icarus_Wings> !shop buy stats tp 1
[08:10] <Icarus_Wings> !shop buy stats tp 60
[08:23] <Icarus_Wings> !view-info pizza
[08:23] <Wolfbane> Error: The command is missing the name of what you want to view. Use it like: !view-info <tech, item, skill, weapon> <name> (and remember to remove the < >)
[08:23] <Icarus_Wings> !view-info item pizza
[08:23] <Icarus_Wings> !view-info item PotRoast
[08:24] <Icarus_Wings> !view-info item Ramen
[08:24] <Icarus_Wings> !view-info item BisonDollar
[08:25] <Icarus_Wings> !view-info item DragonMeat
[08:25] <Icarus_Wings> !view-info item SuperMushroom
[08:26] <Icarus_Wings> !view-info item FireDragonWine
[08:26] <Icarus_Wings> !view-info item Ambrosia
[08:26] <Icarus_Wings> !view-info item FoieGras
[08:27] <Icarus_Wings> !view-info item Slurm
Session Close: Thu Sep 06 08:49:19 2012

Session Start: Thu Sep 06 08:58:58 2012
Session Ident: Icarus_Wings
[08:58] Session Ident: Icarus_Wings (~Icarus_Wi@coconut.cream.macaroon)
[08:58] <Icarus_Wings> !shop list styles
[09:04] <Icarus_Wings> !view-info skill cureV
[09:04] <Wolfbane> Invalid skill
[09:04] <Icarus_Wings> !view-info tech cureV
[09:26] <Icarus_Wings> !shop buy stats tp 60
