
Session Start: Mon Sep 03 09:15:19 2012
Session Ident: lurkur
[09:15] Session Ident: lurkur (lurkur@3974cd3.1366b407.191e2813.2b24ce30X)
[09:15] <lurkur> !id lurkir
[09:15] <lurkur> !id lurkur
Session Close: Mon Sep 03 09:15:27 2012

Session Start: Mon Sep 03 09:17:30 2012
Session Ident: lurkur
[09:17] Session Ident: lurkur (lurkur@3974cd3.1366b407.191e2813.2b24ce30X)
[09:17] <lurkur> !stats
Session Close: Mon Sep 03 09:30:07 2012

Session Start: Mon Sep 03 13:39:06 2012
Session Ident: lurkur
[13:39] Session Ident: lurkur (webchat@3fd056b1.de6498d.1faf4a71.307e4d48X)
[13:39] <lurkur> !id lurkur
Session Close: Mon Sep 03 13:39:06 2012

Session Start: Mon Sep 03 13:39:21 2012
Session Ident: lurkur
[13:39] Session Ident: lurkur (webchat@3fd056b1.de6498d.1faf4a71.307e4d48X)
[13:39] <lurkur> !stats
[13:42] <lurkur> !shop buy weapon silver_goddess_sword 100000
[13:48] <lurkur> !shop buy stats str 100
[13:49] <lurkur> !stats
[13:50] <lurkur> !shop buy stats str 100
[13:52] <lurkur> !stats
[13:53] <lurkur> !shop buy stats str 100
[13:55] <lurkur> !shop buy stats str 100
[13:55] <lurkur> !shop buy stats str 100
[13:55] <lurkur> !stats
[13:57] <lurkur> !shop buy stats str 100
[14:00] <lurkur> !stats

Session Start: Mon Sep 03 21:02:54 2012
Session Ident: lurkur
[21:02] Session Ident: lurkur (lurkur@31a16b5d.37148937.191e2813.2b24ce30X)
[21:02] <lurkur> !id lurkur
Session Close: Mon Sep 03 21:02:54 2012

Session Start: Mon Sep 03 21:03:09 2012
Session Ident: lurkur
[21:03] Session Ident: lurkur (lurkur@31a16b5d.37148937.191e2813.2b24ce30X)
[21:03] <lurkur> !stats
[21:03] <lurkur> !shop buy stats str 100
[21:03] <lurkur> !shop list items
[21:06] <lurkur> !stats
[21:07] <lurkur> !shop buy stats def 100
[21:07] <lurkur> !stats
[21:07] <lurkur> !shop buy stats def 100
[21:07] <lurkur> !shop buy stats def 100
[21:07] <lurkur> !stats
[21:07] <lurkur> !shop buy stats hp 100
[21:08] <lurkur> !shop buy stats hp 50
[21:08] <lurkur> !stats
[21:18] <lurkur> !shop buy stats hp 50
[21:18] <lurkur> !stats
Session Close: Mon Sep 03 21:20:56 2012

Session Start: Mon Sep 03 21:29:03 2012
Session Ident: lurkur
[21:29] Session Ident: lurkur (lurkur@31a16b5d.37148937.191e2813.2b24ce30X)
[21:29] <lurkur> !view-info weapon silver_goddess_sword
[21:48] <lurkur> !stats
[21:54] <lurkur> !shop list weapons
Session Close: Mon Sep 03 22:35:55 2012

Session Start: Tue Sep 04 19:00:19 2012
Session Ident: lurkur
[19:00] Session Ident: lurkur (~lurkur@fbb8a3c.2c464aa6.191e2813.2b24ce30X)
[19:00] <lurkur> !id lurkur
Session Close: Tue Sep 04 19:00:20 2012

Session Start: Tue Sep 04 19:00:33 2012
Session Ident: lurkur
[19:00] Session Ident: lurkur (~lurkur@fbb8a3c.2c464aa6.191e2813.2b24ce30X)
[19:00] <lurkur> !stats
[19:01] <lurkur> !shop buy stats str 500
[19:01] <lurkur> !shop buy stats str 400
[19:01] <lurkur> !stats
[19:01] <lurkur> !shop buy stats str 100
[19:01] <lurkur> !stats
[19:02] <lurkur> !shop list weapons
[19:03] <lurkur> !view-info weapon hyourinmaru
[19:03] <lurkur> !view-info techs sotennizase
[19:04] <lurkur> !view-info tech sotennizase
[19:04] <lurkur> !view-info tech daigurenhyourinmaru
[19:04] <lurkur> !view-info weapon senbonzakura
[19:05] <lurkur> !view-info weapon excalibur
[19:06] <lurkur> !view-info weapon masamune
[19:07] <lurkur> !shop buy stats int 100
[19:08] <lurkur> !shop buy weapons excalibur
[19:08] <lurkur> !shop list weapons
[19:08] <lurkur> !view-info ryunohige
[19:08] <Wolfbane> Error: The command is missing the name of what you want to view. Use it like: !view-info <tech, item, skill, weapon> <name> (and remember to remove the < >)
[19:08] <lurkur> !view-info weapon ryunohige
[19:09] <lurkur> !shop buy weapon excalibur 10
[19:11] <lurkur> !view-info weapon silver_goddess_sword
[19:12] <lurkur> !shop list techs
[19:12] <Wolfbane> Your hp has permanantly increased by 10!
[19:37] <lurkur> !stats
[19:38] <Wolfbane> Invalid item
Session Close: Tue Sep 04 19:42:46 2012

Session Start: Tue Sep 04 19:46:43 2012
Session Ident: lurkur
[19:46] Session Ident: lurkur (~lurkur@fbb8a3c.2c464aa6.191e2813.2b24ce30X)
[19:46] <lurkur> !shop list techs
[19:47] <lurkur> !view-info tech BladeBeam
[19:47] <lurkur> !view-info tech atonement
[19:48] <lurkur> !view-info tech HyperTwinSlice
[19:48] <lurkur> !view-info tech BiteOfLightning
[19:50] <lurkur> !shop buy techs atonement
[19:50] <lurkur> !shop buy stats int 300
[19:50] <lurkur> !shop buy stats int 100
[19:50] <lurkur> !shop buy stats int 100
[19:51] <lurkur> !stats
[19:51] <lurkur> !shop buy tp 100
[19:52] <lurkur> !shop buy stats tp 10
[19:52] <lurkur> !stats
[19:57] <lurkur> !shop buy techs atonement 129
[19:57] <lurkur> !shop buy techs atonement 89
[19:57] <lurkur> !techs
[19:57] <lurkur> !shop buy techs atonement 10
[19:57] <lurkur> !shop buy stats int 100
[19:57] <lurkur> !stats
[20:04] <lurkur> !stats
[20:05] <lurkur> !shop buy stats int 100
[20:05] <lurkur> !shop buy stats int 100
[20:05] <lurkur> !shop buy stats int 100
[20:05] <lurkur> !shop buy stats int 100
[20:05] <lurkur> !shop buy stats int 100
[20:05] <lurkur> !shop buy techs atonement 100
[20:05] <lurkur> !stats
[20:06] <lurkur> !shop buy stats def 100
[20:06] <lurkur> !shop buy stats def 100
[20:06] <lurkur> !shop buy stats def 100
[20:06] <lurkur> !stats
[20:06] <lurkur> !shop buy stats spd 50
[20:06] <lurkur> !shop buy stats spd 50
[20:07] <lurkur> !stats

Session Start: Tue Sep 04 20:33:23 2012
Session Ident: lurkur
[20:33] Session Ident: lurkur (~lurkur@fbb8a3c.2c464aa6.191e2813.2b24ce30X)
[20:33] <lurkur> !id lurkur
Session Close: Tue Sep 04 20:33:23 2012

Session Start: Tue Sep 04 21:13:32 2012
Session Ident: lurkur
[21:13] Session Ident: lurkur (~lurkur@fbb8a3c.2c464aa6.191e2813.2b24ce30X)
[21:13] <lurkur> !shop list skills
[22:02] <lurkur> !shop buy skills clearmind 100
[22:02] <lurkur> !shop buy skills clearmind 50
[22:02] <lurkur> !view-info skill clearmind
[22:03] <lurkur> !shop buy skills clearmind 5
[22:03] <lurkur> !shop buy skills clearmind 5
Session Close: Tue Sep 04 22:09:41 2012

Session Start: Tue Sep 04 22:25:51 2012
Session Ident: lurkur
[22:25] Session Ident: lurkur (~lurkur@fbb8a3c.2c464aa6.191e2813.2b24ce30X)
[22:25] <lurkur> !shop buy techs atonement 100
[22:26] <lurkur> !shop list techs
[22:26] <lurkur> !shop buy techs atonement 100
[22:27] <lurkur> !shop buy techs atonement 50
[22:27] <lurkur> !stats
Session Time: Wed Sep 05 00:00:00 2012
[00:20] <lurkur> !shop buy stats spd 124
[00:20] <lurkur> !stats
[00:21] <lurkur> !stats buy int 100
[00:30] <lurkur> !id lurkur
Session Close: Wed Sep 05 00:30:33 2012

Session Start: Wed Sep 05 00:53:47 2012
Session Ident: lurkur
[00:53] Session Ident: lurkur (lurkur@76b3cfb.1383ffec.191e2813.2b24ce30X)
[00:53] <lurkur> !view-info weapon masamune
[00:55] <lurkur> !view-info weapon valayman
[00:55] <Wolfbane> Invalid weapon
[00:55] <lurkur> !view-info weapon valwaayman
[00:55] <Wolfbane> Invalid weapon
[00:55] <lurkur> !view-info weapon valwayman
Session Close: Wed Sep 05 01:35:58 2012

Session Start: Wed Sep 05 19:57:02 2012
Session Ident: lurkur
[19:57] Session Ident: lurkur (~lurkur@a34b1a3.a7e4540.191e2813.2b24ce30X)
[19:57] <lurkur> !id lurkur
Session Close: Wed Sep 05 19:57:02 2012

Session Start: Wed Sep 05 20:15:06 2012
Session Ident: lurkur
[20:15] Session Ident: lurkur (~lurkur@a34b1a3.a7e4540.191e2813.2b24ce30X)
[20:15] <lurkur> !stats

Session Start: Thu Sep 06 15:35:42 2012
Session Ident: lurkur
[15:35] Session Ident: lurkur (webchat@3fd056b1.de6498d.1faf4a71.307e4d48X)
[15:35] <lurkur> !id lurkur
Session Close: Thu Sep 06 15:35:42 2012

Session Start: Thu Sep 06 15:37:45 2012
Session Ident: lurkur
[15:37] Session Ident: lurkur (webchat@3fd056b1.de6498d.1faf4a71.307e4d48X)
[15:37] <lurkur> !stats
[15:38] <Wolfbane> Your str has permanantly increased by 1!
[15:39] <Wolfbane> Your int has permanantly increased by 1!
[15:39] <Wolfbane> Your tp has permanantly increased by 5!
[15:39] <Wolfbane> Your def has permanantly increased by 1!
[15:39] <Wolfbane> Your spd has permanantly increased by 1!
[15:39] <Wolfbane> Your int has permanantly increased by 1!
[15:40] <Wolfbane> Your int has permanantly increased by 1!
[15:40] <Wolfbane> Your int has permanantly increased by 1!
[15:40] <Wolfbane> Your int has permanantly increased by 1!
[15:41] <Wolfbane> Your style has permanantly increased by 10!
[15:41] <Wolfbane> Your style has permanantly increased by 10!
[15:41] <Wolfbane> Your style has permanantly increased by 10!
[15:41] <Wolfbane> Your style has permanantly increased by 10!
[15:41] <Wolfbane> Your style has permanantly increased by 10!
[15:41] <Wolfbane> Your style has permanantly increased by 10!

Session Start: Thu Sep 06 15:43:12 2012
Session Ident: lurkur
[15:43] Session Ident: lurkur (webchat@3fd056b1.de6498d.1faf4a71.307e4d48X)
[15:43] <lurkur> !id lurkur
Session Close: Thu Sep 06 15:43:12 2012

Session Start: Thu Sep 06 15:43:46 2012
Session Ident: lurkur
[15:43] <Wolfbane> Your style has permanantly increased by 10!
[15:44] <Wolfbane> Your style has permanantly increased by 25!
[15:44] <Wolfbane> Your style has permanantly increased by 25!
[15:44] <Wolfbane> Your style has permanantly increased by 25!
[15:44] <Wolfbane> Your style has permanantly increased by 25!
[15:44] <Wolfbane> Your style has permanantly increased by 25!
[15:45] <Wolfbane> Your style has permanantly increased by 25!
[15:45] <Wolfbane> Your style has permanantly increased by 25!
[15:45] <Wolfbane> Your style has permanantly increased by 25!
[15:45] <Wolfbane> Your style has permanantly increased by 25!
Session Close: Thu Sep 06 16:57:13 2012
