
Session Start: Wed Sep 05 19:10:05 2012
Session Ident: Schoktra
[19:10] Session Ident: Schoktra (~Schoktra@once.was.lost.but.now.is.loster)
[19:10] <Schoktra> !id 0m3gad3us
Session Close: Wed Sep 05 19:10:05 2012

Session Start: Wed Sep 05 19:27:06 2012
Session Ident: Schoktra
[19:27] Session Ident: Schoktra (~Schoktra@once.was.lost.but.now.is.loster)
[19:27] <Schoktra> !shop buy stats def

Session Start: Wed Sep 05 19:47:57 2012
Session Ident: Schoktra
[19:47] Session Ident: Schoktra (~Schoktra@once.was.lost.but.now.is.loster)
[19:47] <Schoktra> !id 0m3gad3us
Session Close: Wed Sep 05 19:47:57 2012

Session Start: Wed Sep 05 19:57:46 2012
Session Ident: Schoktra
[19:57] Session Ident: Schoktra (~Schoktra@once.was.lost.but.now.is.loster)
[19:57] <Schoktra> !shop list stats
[20:01] <Schoktra> !shop buy stats hp 30
[20:01] <Schoktra> !shop list stats
[20:02] <Schoktra> !shop buy stats str 15
[20:02] <Schoktra> !shop buy stats str 10
[20:04] <Schoktra> !stats
[20:08] <Schoktra> !shop list stats
Session Close: Wed Sep 05 20:09:23 2012

Session Start: Wed Sep 05 20:11:59 2012
Session Ident: Schoktra
[20:11] Session Ident: Schoktra (~Schoktra@once.was.lost.but.now.is.loster)
[20:11] <Schoktra> !shop level
[20:18] <Schoktra> !shop buy stats hp 50
[20:22] <Schoktra> !shop list orbs
[20:24] <Schoktra> !shop list skills
[20:47] <Schoktra> !shop buy skills steal 40
[20:47] <Schoktra> !shop buy skills steal 35

Session Start: Thu Sep 06 08:49:19 2012
Session Ident: Schoktra
[08:49] Session Ident: Schoktra (~Schoktra@once.was.lost.but.now.is.loster)
[08:49] <Schoktra> !id 0m3gad3us
Session Close: Thu Sep 06 08:49:19 2012

Session Start: Thu Sep 06 09:25:59 2012
Session Ident: Schoktra
[09:25] Session Ident: Schoktra (~Schoktra@once.was.lost.but.now.is.loster)
[09:25] <Schoktra> !shop list skills
[09:29] <Schoktra> !use slurm on schoktra
[09:29] <Wolfbane> Your style has permanantly increased by 10!
[09:29] <Schoktra> !use slurm on schoktra
[09:29] <Wolfbane> Your style has permanantly increased by 10!
[09:30] <Schoktra> !view-info item soulpainting
[09:32] <Wolfbane> Your int has permanantly increased by 1!
[09:32] <Wolfbane> Your int has permanantly increased by 1!
[09:36] <Wolfbane> Your int has permanantly increased by 1!
[09:40] <Wolfbane> Your style has permanantly increased by 10!

Session Start: Thu Sep 06 09:42:15 2012
Session Ident: Schoktra
[09:42] Session Ident: Schoktra (~Schoktra@once.was.lost.but.now.is.loster)
[09:42] <Schoktra> !id 0m3gad3us
Session Close: Thu Sep 06 09:42:15 2012

Session Start: Thu Sep 06 09:43:06 2012
Session Ident: schoktra
[09:43] <Wolfbane> Your def has permanantly increased by 1!
[09:49] <Wolfbane> Your int has permanantly increased by 1!
[09:53] <Schoktra> !shop list stats
[09:55] <Wolfbane> Error: The command is missing the name of what you want to view. Use it like: !view-info <tech, item, skill, weapon> <name> (and remember to remove the < >)
[09:58] <Wolfbane> Your hp has permanantly increased by 10!

Session Start: Thu Sep 06 10:13:53 2012
Session Ident: Schoktra
[10:13] Session Ident: Schoktra (~Schoktra@once.was.lost.but.now.is.loster)
[10:13] <Schoktra> !id 0m3gad3us
Session Close: Thu Sep 06 10:13:53 2012

Session Start: Thu Sep 06 10:30:13 2012
Session Ident: schoktra
[10:30] <Wolfbane> Your tp has permanantly increased by 5!
[10:51] <Schoktra> !shop list stats 
[10:52] <Schoktra> !view-info skill resist-charm
[10:53] <Schoktra> !skills
[10:53] <Schoktra> !view-info skill martialarts
[10:54] <Schoktra> !view-info skill fieldmedic
[10:55] <Schoktra> !view-info skill impetus
[10:57] <Schoktra> !view-info skill desperateblows
[10:57] <Schoktra> !shop level
[10:58] <Schoktra> !view-info style doppelganger
[10:58] <Schoktra> !view-info styles doppelganger
[10:59] <Schoktra> !shop buy skills steal 15
[10:59] <Schoktra> !shop list skills
[11:02] <Schoktra> !view-info skill orbhunter
[11:02] <Schoktra> !shop buy skill orbhunter 65
[11:03] <Schoktra> !shop buy skill orbhunter 60
[11:08] <Schoktra> !shop buy skill orbhunter
[12:02] <Wolfbane> Your hp has permanantly increased by 10!
[12:03] <Wolfbane> Your hp has permanantly increased by 10!
[12:03] <Wolfbane> Your hp has permanantly increased by 10!
[12:03] <Wolfbane> Your hp has permanantly increased by 10!
[12:03] <Wolfbane> Your str has permanantly increased by 1!
[12:03] <Wolfbane> Your def has permanantly increased by 1!
[12:03] <Wolfbane> Your def has permanantly increased by 1!
[12:03] <Wolfbane> Your int has permanantly increased by 1!
[12:03] <Wolfbane> Your int has permanantly increased by 1!
[12:03] <Wolfbane> Your int has permanantly increased by 1!
[12:03] <Wolfbane> Your int has permanantly increased by 1!
[12:04] <Wolfbane> Your tp has permanantly increased by 5!
[12:04] <Wolfbane> Your tp has permanantly increased by 5!
[12:04] <Wolfbane> Your tp has permanantly increased by 5!
[12:04] <Wolfbane> Your tp has permanantly increased by 5!
[12:04] <Wolfbane> Your str has permanantly increased by 1!
[12:04] <Wolfbane> Your hp has permanantly increased by 10!
[12:04] <Wolfbane> Your hp has permanantly increased by 10!
[12:04] <Wolfbane> Your def has permanantly increased by 1!
[12:05] <Wolfbane> Your def has permanantly increased by 1!
[12:05] <Wolfbane> Your def has permanantly increased by 1!
[12:29] <Wolfbane> Your hp has permanantly increased by 10!
[12:29] <Wolfbane> Your hp has permanantly increased by 10!
[12:29] <Wolfbane> Your str has permanantly increased by 1!
[12:29] <Wolfbane> Your str has permanantly increased by 1!
[12:29] <Wolfbane> Your def has permanantly increased by 1!
[12:29] <Wolfbane> Your def has permanantly increased by 1!
[12:29] <Wolfbane> Your int has permanantly increased by 1!
[12:29] <Wolfbane> Your tp has permanantly increased by 5!
[12:29] <Wolfbane> Your hp has permanantly increased by 10!
[12:29] <Wolfbane> Your hp has permanantly increased by 10!
[12:29] <Wolfbane> Your hp has permanantly increased by 10!
[12:29] <Wolfbane> Your def has permanantly increased by 1!
[12:29] <Wolfbane> Your def has permanantly increased by 1!
[12:29] <Wolfbane> Your def has permanantly increased by 1!
[12:30] <Wolfbane> Your style has permanantly increased by 25!
[12:30] <Wolfbane> Your style has permanantly increased by 25!
[12:30] <Wolfbane> Your style has permanantly increased by 25!
[12:30] <Wolfbane> Your style has permanantly increased by 25!
[12:30] <Wolfbane> Your style has permanantly increased by 25!
[12:30] <Wolfbane> Your style has permanantly increased by 25!
[12:30] <Wolfbane> Your style has permanantly increased by 25!
[12:30] <Wolfbane> Your style has permanantly increased by 25!
[12:31] <Wolfbane> Your spd has permanantly increased by 1!

Session Start: Thu Sep 06 15:35:21 2012
Session Ident: Schoktra
[15:35] Session Ident: Schoktra (~Schoktra@once.was.lost.but.now.is.loster)
[15:35] <Schoktra> !id 0m3gad3us
Session Close: Thu Sep 06 15:35:21 2012

Session Start: Thu Sep 06 15:35:36 2012
Session Ident: schoktra
[15:35] <Wolfbane> Your spd has permanantly increased by 1!
Session Close: Thu Sep 06 15:35:42 2012

Session Start: Thu Sep 06 15:35:46 2012
Session Ident: schoktra
[15:35] <Wolfbane> Your spd has permanantly increased by 1!
[15:35] <Wolfbane> Your spd has permanantly increased by 1!
[15:36] <Wolfbane> Your int has permanantly increased by 1!
[15:36] <Wolfbane> Your int has permanantly increased by 1!
[15:38] <Wolfbane> Your int has permanantly increased by 1!
[15:39] <Wolfbane> Your int has permanantly increased by 1!
[15:39] <Wolfbane> Your int has permanantly increased by 1!
[15:39] <Wolfbane> Your int has permanantly increased by 1!
[15:39] <Wolfbane> Your int has permanantly increased by 1!
[15:39] <Wolfbane> Your int has permanantly increased by 1!
[15:39] <Wolfbane> Your int has permanantly increased by 1!
[15:40] <Wolfbane> Your int has permanantly increased by 1!
[15:40] <Wolfbane> Your int has permanantly increased by 1!
[15:40] <Wolfbane> Your style has permanantly increased by 10!
[15:40] <Wolfbane> Your style has permanantly increased by 10!
[15:40] <Wolfbane> Your style has permanantly increased by 10!
[15:41] <Wolfbane> Your style has permanantly increased by 10!

Session Start: Thu Sep 06 15:43:05 2012
Session Ident: Schoktra
[15:43] Session Ident: Schoktra (~Schoktra@once.was.lost.but.now.is.loster)
[15:43] <Schoktra> !id 0m3gad3us
Session Close: Thu Sep 06 15:43:05 2012

Session Start: Thu Sep 06 15:44:58 2012
Session Ident: Schoktra
[15:44] Session Ident: Schoktra (~Schoktra@once.was.lost.but.now.is.loster)
[15:44] <Schoktra> !shop level
[15:58] <Schoktra> !shop list skills
[15:59] <Schoktra> !shop buy skills orbhunter 6
[15:59] <Schoktra> !shop list skills
[16:02] <Schoktra> !shop list skills
[16:02] <Schoktra> !shop buy orbs
[16:02] <Schoktra> !shop buy orbs
[16:02] <Schoktra> !shop buy orbs
[16:02] <Schoktra> !shop buy orbs
[16:02] <Schoktra> !shop buy orbs
[16:02] <Schoktra> !shop buy orbs
[16:02] <Schoktra> !shop buy orbs
[16:02] <Schoktra> !shop buy orbs
[16:02] <Schoktra> !shop buy orbs
[16:02] <Schoktra> !shop buy martialarts 40
[16:02] <Schoktra> !shop buy skills martialarts 40
[16:03] <Schoktra> !shop buy orbs
[16:04] <Schoktra> !shop buy orbs
[16:04] <Schoktra> !shop buy orbs
[16:04] <Schoktra> !shop buy skills martialarts 40
[16:04] <Schoktra> !shop buy skills martialarts 35
[16:04] <Schoktra> !shop list
[16:04] <Schoktra> !shop list skills
[16:16] <Schoktra> !shop buy skills martialarts 4
[16:18] <Schoktra> !shop list stats
[16:18] <Schoktra> !view-info stat defense
[16:18] <Schoktra> !view-info stat def
[16:18] <Schoktra> !view-info stats def
[16:23] <Schoktra> !shop buy martialarts 20
[16:23] <Schoktra> !shop buy skills martialarts 20
[16:29] <Wolfbane> Your int has permanantly increased by 1!
[16:37] <Wolfbane> Your int has permanantly increased by 1!
Session Close: Thu Sep 06 16:57:13 2012

Session Start: Thu Sep 06 16:57:18 2012
Session Ident: schoktra
[16:57] <Wolfbane> Your style has permanantly increased by 10!
[17:34] <Schoktra> !id 0m3gad3us
Session Close: Thu Sep 06 17:34:11 2012

Session Start: Thu Sep 06 17:35:33 2012
Session Ident: Schoktra
[17:35] Session Ident: Schoktra (~Schoktra@3974cd3.3065b4fc.1654620b.36cd2766X)
[17:35] <Schoktra> !shop buy skills martialarts 55
[18:07] <Schoktra> !shop buy skills martialarts 35
