
Session Start: Mon Sep 03 00:17:19 2012
Session Ident: Zein
[00:17] Session Ident: Zein (~Ib.is.Moe@262dee27.3cbc6b2b.3856dc6.1908d3efX)
[00:17] <Zein> !shop buy techs tetraspirit
[00:17] <Zein> !shop buy techs tetraspirit
[00:20] <Zein> !shop buy techs stealpower
Session Close: Mon Sep 03 00:20:16 2012

Session Start: Mon Sep 03 00:21:41 2012
Session Ident: Zein
[00:21] Session Ident: Zein (~Ib.is.Moe@262dee27.3cbc6b2b.3856dc6.1908d3efX)
[00:21] <Zein> !view-info tech StealPower
[00:22] <Zein> !shop buy techs stealpower
[00:29] <Zein> !shop buy weapons Black_Goddess_Staff
[00:30] <Zein> !shop buy techs AeroV 430
[00:31] <Zein> !shop buy techs BlizzardV 340
[00:31] <Zein> !shop buy techs AerogaV 500
[00:31] <Zein> !shop buy techs FireV 432
[00:37] <Zein> !shop buy techs FireV 100000
[00:42] <Zein> !shop buy fireV 10000
[00:43] <Zein> !shop buy techs fireV 10000
[00:45] <Zein> !shop buy techs fireV 10000
[00:48] <Zein> !shop buy techs fireV 100000
[00:49] <Zein> !shop buy techs blizzardV 100000
[00:53] <Zein> !shop buy weapons Silver_Goddess_Sword 50
[00:53] <Zein> !shop buy weapons Silver_Goddess_Sword 50
Session Close: Mon Sep 03 03:03:12 2012

Session Start: Mon Sep 03 07:14:40 2012
Session Ident: Zein
[07:14] Session Ident: Zein (Ib.is.Moe@ec7593a.3cbc6b2b.3856dc6.1908d3efX)
[07:14] <Zein> !id BARRELS!!
Session Close: Mon Sep 03 07:14:40 2012

Session Start: Mon Sep 03 07:21:42 2012
Session Ident: Zein
[07:21] Session Ident: Zein (Ib.is.Moe@ec7593a.3cbc6b2b.3856dc6.1908d3efX)
[07:21] <Zein> !shop buy weapons black_goddess_staff
[07:25] <Wolfbane> You enter the arena with a total of 39000 Red Orbs to spend.
[07:25] <Wolfbane> Your password has been set to battlearena17l and it is recommended you change it using the command !newpass battlearena17l newpasswordhere in private or at least write the password down. Passwords cannot be recovered!
[07:26] <Reyvateil> !newpass battlearena171 Ar Tonelico
[07:32] <Reyvateil> !shop
[07:32] <Reyvateil> !shop list weapons
[07:35] <Reyvateil> !shop buy weapons BogardGloves
[07:35] <Reyvateil> !shop buy weapons Lance
[07:35] <Reyvateil> !equip Lance
[07:35] <Reyvateil> !shop list skills
[07:36] <Reyvateil> !shop buy stats hp 7
[07:36] <Reyvateil> !hp
[07:36] <Reyvateil> !shop buy stats hp 8
[07:37] <Reyvateil> !view-info skills analysis
[07:37] <Reyvateil> !view-info skill analysis
[07:38] <Reyvateil> !view-info skill impetus
[07:38] <Reyvateil> !shop buy skills impetus 30
[07:38] <Reyvateil> !shop buy stats str 10
Session Close: Mon Sep 03 07:42:34 2012

Session Start: Mon Sep 03 11:05:58 2012
Session Ident: Zein
[11:05] Session Ident: Zein (~Ib.is.Moe@ec7593a.3cbc6b2b.3856dc6.1908d3efX)
[11:05] <Zein> !id BARRELS!!
Session Close: Mon Sep 03 11:05:58 2012

Session Start: Mon Sep 03 11:14:20 2012
Session Ident: Zein
[11:14] <Wolfbane> Invalid skill
[11:14] <Zein> !shop buy skills analysis 5
Session Close: Mon Sep 03 11:16:17 2012

Session Start: Mon Sep 03 11:21:24 2012
Session Ident: Zein
[11:21] Session Ident: Zein (~Ib.is.Moe@ec7593a.3cbc6b2b.3856dc6.1908d3efX)
[11:21] <Zein> !view-info weapon laevatein
Session Close: Mon Sep 03 11:40:29 2012

Session Start: Mon Sep 03 11:49:10 2012
Session Ident: Zein
[11:49] Session Ident: Zein (~Ib.is.Moe@ec7593a.3cbc6b2b.3856dc6.1908d3efX)
[11:49] <Zein> !shop buy skills steal 30
[12:07] <Wolfbane> Your int has permanantly increased by 1!
Session Close: Mon Sep 03 13:39:06 2012
